{"/home/claydson/Documentos/Projetos/Store.20/app/backend/src/app.ts":{"path":"/home/claydson/Documentos/Projetos/Store.20/app/backend/src/app.ts","statementMap":{"0":{"start":{"line":2,"column":22},"end":{"line":4,"column":1}},"1":{"start":{"line":3,"column":4},"end":{"line":3,"column":62}},"2":{"start":{"line":5,"column":0},"end":{"line":5,"column":62}},"3":{"start":{"line":6,"column":0},"end":{"line":6,"column":35}},"4":{"start":{"line":7,"column":18},"end":{"line":7,"column":53}},"5":{"start":{"line":8,"column":0},"end":{"line":8,"column":32}},"6":{"start":{"line":9,"column":26},"end":{"line":9,"column":82}},"7":{"start":{"line":10,"column":17},"end":{"line":10,"column":51}},"8":{"start":{"line":11,"column":22},"end":{"line":11,"column":70}},"9":{"start":{"line":12,"column":25},"end":{"line":12,"column":76}},"10":{"start":{"line":13,"column":26},"end":{"line":13,"column":78}},"11":{"start":{"line":14,"column":24},"end":{"line":14,"column":74}},"12":{"start":{"line":15,"column":0},"end":{"line":15,"column":26}},"13":{"start":{"line":18,"column":8},"end":{"line":18,"column":44}},"14":{"start":{"line":19,"column":8},"end":{"line":19,"column":22}},"15":{"start":{"line":21,"column":8},"end":{"line":21,"column":64}},"16":{"start":{"line":21,"column":40},"end":{"line":21,"column":62}},"17":{"start":{"line":23,"column":8},"end":{"line":23,"column":44}},"18":{"start":{"line":25,"column":8},"end":{"line":25,"column":47}},"19":{"start":{"line":27,"column":8},"end":{"line":27,"column":48}},"20":{"start":{"line":29,"column":8},"end":{"line":29,"column":46}},"21":{"start":{"line":32,"column":8},"end":{"line":32,"column":48}},"22":{"start":{"line":35,"column":30},"end":{"line":40,"column":9}},"23":{"start":{"line":36,"column":12},"end":{"line":36,"column":59}},"24":{"start":{"line":37,"column":12},"end":{"line":37,"column":92}},"25":{"start":{"line":38,"column":12},"end":{"line":38,"column":60}},"26":{"start":{"line":39,"column":12},"end":{"line":39,"column":19}},"27":{"start":{"line":41,"column":8},"end":{"line":41,"column":47}},"28":{"start":{"line":42,"column":8},"end":{"line":42,"column":36}},"29":{"start":{"line":45,"column":8},"end":{"line":45,"column":76}},"30":{"start":{"line":45,"column":36},"end":{"line":45,"column":74}},"31":{"start":{"line":48,"column":0},"end":{"line":48,"column":18}},"32":{"start":{"line":49,"column":0},"end":{"line":49,"column":28}}},"fnMap":{"0":{"name":"(anonymous_0)","decl":{"start":{"line":2,"column":56},"end":{"line":2,"column":57}},"loc":{"start":{"line":2,"column":71},"end":{"line":4,"column":1}},"line":2},"1":{"name":"(anonymous_1)","decl":{"start":{"line":17,"column":4},"end":{"line":17,"column":5}},"loc":{"start":{"line":17,"column":18},"end":{"line":33,"column":5}},"line":17},"2":{"name":"(anonymous_2)","decl":{"start":{"line":21,"column":26},"end":{"line":21,"column":27}},"loc":{"start":{"line":21,"column":40},"end":{"line":21,"column":62}},"line":21},"3":{"name":"(anonymous_3)","decl":{"start":{"line":34,"column":4},"end":{"line":34,"column":5}},"loc":{"start":{"line":34,"column":13},"end":{"line":43,"column":5}},"line":34},"4":{"name":"(anonymous_4)","decl":{"start":{"line":35,"column":30},"end":{"line":35,"column":31}},"loc":{"start":{"line":35,"column":51},"end":{"line":40,"column":9}},"line":35},"5":{"name":"(anonymous_5)","decl":{"start":{"line":44,"column":4},"end":{"line":44,"column":5}},"loc":{"start":{"line":44,"column":16},"end":{"line":46,"column":5}},"line":44},"6":{"name":"(anonymous_6)","decl":{"start":{"line":45,"column":30},"end":{"line":45,"column":31}},"loc":{"start":{"line":45,"column":36},"end":{"line":45,"column":74}},"line":45}},"branchMap":{"0":{"loc":{"start":{"line":2,"column":22},"end":{"line":4,"column":1}},"type":"binary-expr","locations":[{"start":{"line":2,"column":23},"end":{"line":2,"column":27}},{"start":{"line":2,"column":31},"end":{"line":2,"column":51}},{"start":{"line":2,"column":56},"end":{"line":4,"column":1}}],"line":2},"1":{"loc":{"start":{"line":3,"column":11},"end":{"line":3,"column":61}},"type":"cond-expr","locations":[{"start":{"line":3,"column":37},"end":{"line":3,"column":40}},{"start":{"line":3,"column":43},"end":{"line":3,"column":61}}],"line":3},"2":{"loc":{"start":{"line":3,"column":12},"end":{"line":3,"column":33}},"type":"binary-expr","locations":[{"start":{"line":3,"column":12},"end":{"line":3,"column":15}},{"start":{"line":3,"column":19},"end":{"line":3,"column":33}}],"line":3}},"s":{"0":1,"1":7,"2":1,"3":1,"4":1,"5":1,"6":1,"7":1,"8":1,"9":1,"10":1,"11":1,"12":1,"13":1,"14":1,"15":1,"16":0,"17":1,"18":1,"19":1,"20":1,"21":1,"22":1,"23":6,"24":6,"25":6,"26":6,"27":1,"28":1,"29":0,"30":0,"31":1,"32":1},"f":{"0":7,"1":1,"2":0,"3":1,"4":6,"5":0,"6":0},"b":{"0":[1,1,1],"1":[5,2],"2":[7,7]},"inputSourceMap":{"version":3,"file":"/home/claydson/Documentos/Projetos/Store.20/app/backend/src/app.ts","sources":["/home/claydson/Documentos/Projetos/Store.20/app/backend/src/app.ts"],"names":[],"mappings":";;;;;;AAAA,sDAA+B;AAC/B,gCAA8B;AAC9B,mFAA2D;AAE3D,oDAA4B;AAC5B,uEAA+C;AAC/C,6EAAqD;AACrD,+EAAsD;AACtD,2EAAkD;AAElD,gBAAM,CAAC,MAAM,EAAE,CAAC;AAEhB,MAAM,GAAG;IAGP;QACE,IAAI,CAAC,GAAG,GAAG,IAAA,iBAAO,GAAE,CAAC;QAErB,IAAI,CAAC,MAAM,EAAE,CAAC;QAEd,wBAAwB;QACxB,IAAI,CAAC,GAAG,CAAC,GAAG,CAAC,GAAG,EAAE,CAAC,GAAG,EAAE,GAAG,EAAE,EAAE,CAAC,GAAG,CAAC,IAAI,CAAC,EAAE,EAAE,EAAE,IAAI,EAAE,CAAC,CAAC,CAAC;QAExD,QAAQ;QACR,IAAI,CAAC,GAAG,CAAC,GAAG,CAAC,qBAAW,CAAC,CAAA;QAEzB,YAAY;QACZ,IAAI,CAAC,GAAG,CAAC,GAAG,CAAC,wBAAc,CAAC,CAAA;QAE5B,WAAW;QACX,IAAI,CAAC,GAAG,CAAC,GAAG,CAAC,yBAAc,CAAC,CAAA;QAE5B,UAAU;QACV,IAAI,CAAC,GAAG,CAAC,GAAG,CAAC,uBAAY,CAAC,CAAC;QAE3B,4EAA4E;QAC5E,6DAA6D;QAC7D,IAAI,CAAC,GAAG,CAAC,GAAG,CAAC,yBAAe,CAAC,CAAC;IAChC,CAAC;IAEO,MAAM;QACZ,MAAM,aAAa,GAA2B,CAAC,IAAI,EAAE,GAAG,EAAE,IAAI,EAAE,EAAE;YAChE,GAAG,CAAC,MAAM,CAAC,6BAA6B,EAAE,GAAG,CAAC,CAAC;YAC/C,GAAG,CAAC,MAAM,CACR,8BAA8B,EAC9B,mCAAmC,CACpC,CAAC;YACF,GAAG,CAAC,MAAM,CAAC,8BAA8B,EAAE,GAAG,CAAC,CAAC;YAChD,IAAI,EAAE,CAAC;QACT,CAAC,CAAC;QAEF,IAAI,CAAC,GAAG,CAAC,GAAG,CAAC,iBAAO,CAAC,IAAI,EAAE,CAAC,CAAC;QAC7B,IAAI,CAAC,GAAG,CAAC,GAAG,CAAC,aAAa,CAAC,CAAC;IAC9B,CAAC;IAEM,KAAK,CAAC,IAAqB;QAChC,IAAI,CAAC,GAAG,CAAC,MAAM,CAAC,IAAI,EAAE,GAAG,EAAE,CAAC,OAAO,CAAC,GAAG,CAAC,mBAAmB,IAAI,EAAE,CAAC,CAAC,CAAC;IACtE,CAAC;CACF;AAEQ,kBAAG;AAEG,WAAG,GAAK,IAAI,GAAG,EAAE,KAAC","sourcesContent":["import  express from \"express\";\nimport \"express-async-errors\";\nimport errorMiddleware from \"./middleware/errorMiddleware\";\n\nimport dotenv from \"dotenv\";\nimport LoginRouter from './router/user.router';\nimport ProductsRouter from './router/product.router';\nimport CarrinhoRouter from './router/carrinho.router';\nimport OrdersRouter from './router/orders.router';\n\ndotenv.config();\n\nclass App {\n  public app: express.Express;\n\n  constructor() {\n    this.app = express();\n\n    this.config();\n\n    // Não remover essa rota\n    this.app.get(\"/\", (req, res) => res.json({ ok: true }));\n\n    // Login\n    this.app.use(LoginRouter)\n\n    //  Produtos\n    this.app.use(ProductsRouter)\n    \n    // Carrinho\n    this.app.use(CarrinhoRouter)\n    \n    // Pedidos\n    this.app.use(OrdersRouter);\n    \n    // Não remova esse middleware de erro, mas fique a vontade para customizá-lo\n    // Mantenha ele sempre como o último middleware a ser chamado\n    this.app.use(errorMiddleware);\n  }\n\n  private config(): void {\n    const accessControl: express.RequestHandler = (_req, res, next) => {\n      res.header(\"Access-Control-Allow-Origin\", \"*\");\n      res.header(\n        \"Access-Control-Allow-Methods\",\n        \"GET,POST,DELETE,OPTIONS,PUT,PATCH\"\n      );\n      res.header(\"Access-Control-Allow-Headers\", \"*\");\n      next();\n    };\n\n    this.app.use(express.json());\n    this.app.use(accessControl);\n  }\n\n  public start(PORT: string | number): void {\n    this.app.listen(PORT, () => console.log(`Running on port ${PORT}`));\n  }\n}\n\nexport { App };\n\nexport const { app } = new App();"]},"_coverageSchema":"1a1c01bbd47fc00a2c39e90264f33305004495a9","hash":"172b41f600d0b66e250b22d126a1f2d34190d47a"},"/home/claydson/Documentos/Projetos/Store.20/app/backend/src/middleware/errorMiddleware.ts":{"path":"/home/claydson/Documentos/Projetos/Store.20/app/backend/src/middleware/errorMiddleware.ts","statementMap":{"0":{"start":{"line":2,"column":0},"end":{"line":2,"column":62}},"1":{"start":{"line":4,"column":19},"end":{"line":4,"column":42}},"2":{"start":{"line":5,"column":20},"end":{"line":5,"column":59}},"3":{"start":{"line":6,"column":4},"end":{"line":6,"column":23}},"4":{"start":{"line":7,"column":4},"end":{"line":7,"column":48}},"5":{"start":{"line":9,"column":0},"end":{"line":9,"column":34}}},"fnMap":{"0":{"name":"errorMiddleware","decl":{"start":{"line":3,"column":9},"end":{"line":3,"column":24}},"loc":{"start":{"line":3,"column":50},"end":{"line":8,"column":1}},"line":3}},"branchMap":{"0":{"loc":{"start":{"line":4,"column":19},"end":{"line":4,"column":42}},"type":"binary-expr","locations":[{"start":{"line":4,"column":19},"end":{"line":4,"column":35}},{"start":{"line":4,"column":39},"end":{"line":4,"column":42}}],"line":4},"1":{"loc":{"start":{"line":5,"column":20},"end":{"line":5,"column":59}},"type":"binary-expr","locations":[{"start":{"line":5,"column":20},"end":{"line":5,"column":33}},{"start":{"line":5,"column":37},"end":{"line":5,"column":59}}],"line":5}},"s":{"0":1,"1":0,"2":0,"3":0,"4":0,"5":1},"f":{"0":0},"b":{"0":[0,0],"1":[0,0]},"inputSourceMap":{"version":3,"file":"/home/claydson/Documentos/Projetos/Store.20/app/backend/src/middleware/errorMiddleware.ts","sources":["/home/claydson/Documentos/Projetos/Store.20/app/backend/src/middleware/errorMiddleware.ts"],"names":[],"mappings":";;AAGA,SAAS,eAAe,CAAC,KAAmB,EAAE,IAAa,EAAE,GAAa,EAAE,KAAmB;IAC7F,MAAM,MAAM,GAAG,KAAK,CAAC,UAAU,IAAI,GAAG,CAAC;IACvC,MAAM,OAAO,GAAG,KAAK,CAAC,OAAO,IAAI,sBAAsB,CAAC;IAExD,OAAO,CAAC,GAAG,CAAC,KAAK,CAAC,CAAC;IACnB,OAAO,GAAG,CAAC,MAAM,CAAC,MAAM,CAAC,CAAC,IAAI,CAAC,EAAE,OAAO,EAAE,CAAC,CAAC;AAC9C,CAAC;AAED,kBAAe,eAAe,CAAC","sourcesContent":["import { Request, Response, NextFunction } from 'express';\nimport ICustomError from '../Interfaces/erroMiddleware';\n\nfunction errorMiddleware(error: ICustomError, _req: Request, res: Response, _next: NextFunction) {\n  const status = error.statusCode || 500;\n  const message = error.message || 'Something went wrong';\n\n  console.log(error);\n  return res.status(status).json({ message });\n}\n\nexport default errorMiddleware;\n"]},"_coverageSchema":"1a1c01bbd47fc00a2c39e90264f33305004495a9","hash":"718d0175a5ad97d99587ca188eeafcf80d9d5223"},"/home/claydson/Documentos/Projetos/Store.20/app/backend/src/router/user.router.ts":{"path":"/home/claydson/Documentos/Projetos/Store.20/app/backend/src/router/user.router.ts","statementMap":{"0":{"start":{"line":2,"column":0},"end":{"line":2,"column":62}},"1":{"start":{"line":3,"column":18},"end":{"line":3,"column":36}},"2":{"start":{"line":4,"column":27},"end":{"line":4,"column":69}},"3":{"start":{"line":5,"column":31},"end":{"line":5,"column":76}},"4":{"start":{"line":6,"column":20},"end":{"line":6,"column":43}},"5":{"start":{"line":7,"column":0},"end":{"line":7,"column":87}},"6":{"start":{"line":8,"column":0},"end":{"line":8,"column":67}},"7":{"start":{"line":9,"column":0},"end":{"line":9,"column":69}},"8":{"start":{"line":10,"column":0},"end":{"line":10,"column":66}},"9":{"start":{"line":11,"column":0},"end":{"line":11,"column":103}},"10":{"start":{"line":12,"column":0},"end":{"line":12,"column":30}}},"fnMap":{},"branchMap":{},"s":{"0":1,"1":1,"2":1,"3":1,"4":1,"5":1,"6":1,"7":1,"8":1,"9":1,"10":1},"f":{},"b":{},"inputSourceMap":{"version":3,"file":"/home/claydson/Documentos/Projetos/Store.20/app/backend/src/router/user.router.ts","sources":["/home/claydson/Documentos/Projetos/Store.20/app/backend/src/router/user.router.ts"],"names":[],"mappings":";;AAAA,qCAAiC;AACjC,sEAMyC;AACzC,6EAA+E;AAE/E,MAAM,WAAW,GAAG,IAAA,gBAAM,GAAE,CAAC;AAE7B,WAAW,CAAC,IAAI,CAAC,QAAQ,EAAE,gCAAS,EAAE,wBAAK,CAAC,CAAC;AAC7C,WAAW,CAAC,GAAG,CAAC,QAAQ,EAAE,uCAAoB,CAAC,CAAC;AAChD,WAAW,CAAC,GAAG,CAAC,QAAQ,EAAE,yCAAsB,CAAC,CAAC;AAClD,WAAW,CAAC,GAAG,CAAC,cAAc,EAAE,gCAAa,CAAC,CAAA;AAC9C,WAAW,CAAC,IAAI,CAAC,WAAW,EAAE,qCAAc,EAAE,gCAAa,CAAC,CAAC;AAE7D,kBAAe,WAAW,CAAC","sourcesContent":["import { Router } from \"express\";\nimport {\n  Login,\n  registreUsers,\n  updateUserController,\n  getUserLoginController,\n  tokenValidate,\n} from \"../controllers/users.controller\";\nimport { erroLogin, erroCreateUser } from '../middleware/erroLogin,middleware';\n\nconst LoginRouter = Router();\n\nLoginRouter.post(\"/login\", erroLogin, Login);\nLoginRouter.put(\"/login\", updateUserController);\nLoginRouter.get(\"/login\", getUserLoginController);\nLoginRouter.get('/verifyToken', tokenValidate)\nLoginRouter.post(\"/register\", erroCreateUser, registreUsers);\n\nexport default LoginRouter;\n"]},"_coverageSchema":"1a1c01bbd47fc00a2c39e90264f33305004495a9","hash":"2af4265493896e7ffcba11547a045374d1c4bf5a"},"/home/claydson/Documentos/Projetos/Store.20/app/backend/src/controllers/users.controller.ts":{"path":"/home/claydson/Documentos/Projetos/Store.20/app/backend/src/controllers/users.controller.ts","statementMap":{"0":{"start":{"line":2,"column":22},"end":{"line":4,"column":1}},"1":{"start":{"line":3,"column":4},"end":{"line":3,"column":62}},"2":{"start":{"line":5,"column":0},"end":{"line":5,"column":62}},"3":{"start":{"line":6,"column":0},"end":{"line":6,"column":153}},"4":{"start":{"line":7,"column":25},"end":{"line":7,"column":81}},"5":{"start":{"line":8,"column":14},"end":{"line":13,"column":1}},"6":{"start":{"line":9,"column":32},"end":{"line":9,"column":40}},"7":{"start":{"line":10,"column":22},"end":{"line":10,"column":41}},"8":{"start":{"line":11,"column":29},"end":{"line":11,"column":76}},"9":{"start":{"line":12,"column":4},"end":{"line":12,"column":34}},"10":{"start":{"line":14,"column":0},"end":{"line":14,"column":22}},"11":{"start":{"line":16,"column":22},"end":{"line":37,"column":1}},"12":{"start":{"line":17,"column":81},"end":{"line":17,"column":89}},"13":{"start":{"line":19,"column":4},"end":{"line":23,"column":5}},"14":{"start":{"line":20,"column":8},"end":{"line":22,"column":82}},"15":{"start":{"line":25,"column":20},"end":{"line":34,"column":6}},"16":{"start":{"line":36,"column":4},"end":{"line":36,"column":41}},"17":{"start":{"line":38,"column":0},"end":{"line":38,"column":38}},"18":{"start":{"line":39,"column":29},"end":{"line":48,"column":1}},"19":{"start":{"line":40,"column":32},"end":{"line":40,"column":56}},"20":{"start":{"line":41,"column":21},"end":{"line":41,"column":29}},"21":{"start":{"line":42,"column":4},"end":{"line":44,"column":5}},"22":{"start":{"line":43,"column":8},"end":{"line":43,"column":68}},"23":{"start":{"line":45,"column":18},"end":{"line":45,"column":51}},"24":{"start":{"line":46,"column":26},"end":{"line":46,"column":84}},"25":{"start":{"line":47,"column":4},"end":{"line":47,"column":47}},"26":{"start":{"line":49,"column":0},"end":{"line":49,"column":52}},"27":{"start":{"line":50,"column":16},"end":{"line":53,"column":1}},"28":{"start":{"line":51,"column":17},"end":{"line":51,"column":60}},"29":{"start":{"line":52,"column":4},"end":{"line":52,"column":38}},"30":{"start":{"line":54,"column":0},"end":{"line":54,"column":26}},"31":{"start":{"line":55,"column":31},"end":{"line":63,"column":1}},"32":{"start":{"line":56,"column":32},"end":{"line":56,"column":56}},"33":{"start":{"line":57,"column":4},"end":{"line":59,"column":5}},"34":{"start":{"line":58,"column":8},"end":{"line":58,"column":68}},"35":{"start":{"line":60,"column":18},"end":{"line":60,"column":51}},"36":{"start":{"line":61,"column":29},"end":{"line":61,"column":79}},"37":{"start":{"line":62,"column":4},"end":{"line":62,"column":41}},"38":{"start":{"line":64,"column":0},"end":{"line":64,"column":56}},"39":{"start":{"line":65,"column":22},"end":{"line":71,"column":1}},"40":{"start":{"line":66,"column":32},"end":{"line":66,"column":56}},"41":{"start":{"line":67,"column":4},"end":{"line":68,"column":68}},"42":{"start":{"line":68,"column":8},"end":{"line":68,"column":68}},"43":{"start":{"line":69,"column":25},"end":{"line":69,"column":84}},"44":{"start":{"line":70,"column":4},"end":{"line":70,"column":46}},"45":{"start":{"line":72,"column":0},"end":{"line":72,"column":38}}},"fnMap":{"0":{"name":"(anonymous_0)","decl":{"start":{"line":2,"column":56},"end":{"line":2,"column":57}},"loc":{"start":{"line":2,"column":71},"end":{"line":4,"column":1}},"line":2},"1":{"name":"(anonymous_1)","decl":{"start":{"line":8,"column":14},"end":{"line":8,"column":15}},"loc":{"start":{"line":8,"column":34},"end":{"line":13,"column":1}},"line":8},"2":{"name":"(anonymous_2)","decl":{"start":{"line":16,"column":22},"end":{"line":16,"column":23}},"loc":{"start":{"line":16,"column":42},"end":{"line":37,"column":1}},"line":16},"3":{"name":"(anonymous_3)","decl":{"start":{"line":39,"column":29},"end":{"line":39,"column":30}},"loc":{"start":{"line":39,"column":49},"end":{"line":48,"column":1}},"line":39},"4":{"name":"(anonymous_4)","decl":{"start":{"line":50,"column":16},"end":{"line":50,"column":17}},"loc":{"start":{"line":50,"column":36},"end":{"line":53,"column":1}},"line":50},"5":{"name":"(anonymous_5)","decl":{"start":{"line":55,"column":31},"end":{"line":55,"column":32}},"loc":{"start":{"line":55,"column":51},"end":{"line":63,"column":1}},"line":55},"6":{"name":"(anonymous_6)","decl":{"start":{"line":65,"column":22},"end":{"line":65,"column":23}},"loc":{"start":{"line":65,"column":36},"end":{"line":71,"column":1}},"line":65}},"branchMap":{"0":{"loc":{"start":{"line":2,"column":22},"end":{"line":4,"column":1}},"type":"binary-expr","locations":[{"start":{"line":2,"column":23},"end":{"line":2,"column":27}},{"start":{"line":2,"column":31},"end":{"line":2,"column":51}},{"start":{"line":2,"column":56},"end":{"line":4,"column":1}}],"line":2},"1":{"loc":{"start":{"line":3,"column":11},"end":{"line":3,"column":61}},"type":"cond-expr","locations":[{"start":{"line":3,"column":37},"end":{"line":3,"column":40}},{"start":{"line":3,"column":43},"end":{"line":3,"column":61}}],"line":3},"2":{"loc":{"start":{"line":3,"column":12},"end":{"line":3,"column":33}},"type":"binary-expr","locations":[{"start":{"line":3,"column":12},"end":{"line":3,"column":15}},{"start":{"line":3,"column":19},"end":{"line":3,"column":33}}],"line":3},"3":{"loc":{"start":{"line":19,"column":4},"end":{"line":23,"column":5}},"type":"if","locations":[{"start":{"line":19,"column":4},"end":{"line":23,"column":5}},{"start":{"line":19,"column":4},"end":{"line":23,"column":5}}],"line":19},"4":{"loc":{"start":{"line":19,"column":8},"end":{"line":19,"column":49}},"type":"binary-expr","locations":[{"start":{"line":19,"column":8},"end":{"line":19,"column":13}},{"start":{"line":19,"column":17},"end":{"line":19,"column":26}},{"start":{"line":19,"column":30},"end":{"line":19,"column":36}},{"start":{"line":19,"column":40},"end":{"line":19,"column":49}}],"line":19},"5":{"loc":{"start":{"line":42,"column":4},"end":{"line":44,"column":5}},"type":"if","locations":[{"start":{"line":42,"column":4},"end":{"line":44,"column":5}},{"start":{"line":42,"column":4},"end":{"line":44,"column":5}}],"line":42},"6":{"loc":{"start":{"line":57,"column":4},"end":{"line":59,"column":5}},"type":"if","locations":[{"start":{"line":57,"column":4},"end":{"line":59,"column":5}},{"start":{"line":57,"column":4},"end":{"line":59,"column":5}}],"line":57},"7":{"loc":{"start":{"line":67,"column":4},"end":{"line":68,"column":68}},"type":"if","locations":[{"start":{"line":67,"column":4},"end":{"line":68,"column":68}},{"start":{"line":67,"column":4},"end":{"line":68,"column":68}}],"line":67}},"s":{"0":1,"1":1,"2":1,"3":1,"4":1,"5":1,"6":8,"7":8,"8":8,"9":8,"10":1,"11":1,"12":0,"13":0,"14":0,"15":0,"16":0,"17":1,"18":1,"19":0,"20":0,"21":0,"22":0,"23":0,"24":0,"25":0,"26":1,"27":1,"28":0,"29":0,"30":1,"31":1,"32":0,"33":0,"34":0,"35":0,"36":0,"37":0,"38":1,"39":1,"40":0,"41":0,"42":0,"43":0,"44":0,"45":1},"f":{"0":1,"1":8,"2":0,"3":0,"4":0,"5":0,"6":0},"b":{"0":[1,1,1],"1":[1,0],"2":[1,1],"3":[0,0],"4":[0,0,0,0],"5":[0,0],"6":[0,0],"7":[0,0]},"inputSourceMap":{"version":3,"file":"/home/claydson/Documentos/Projetos/Store.20/app/backend/src/controllers/users.controller.ts","sources":["/home/claydson/Documentos/Projetos/Store.20/app/backend/src/controllers/users.controller.ts"],"names":[],"mappings":";;;;;;AAAA,kFAAwD;AAGxD,MAAM,KAAK,GAAG,KAAK,EAAE,GAAY,EAAE,GAAa,EAAiB,EAAE;IACjE,MAAM,EAAE,KAAK,EAAE,QAAQ,EAAE,GAAG,GAAG,CAAC,IAAI,CAAC;IACrC,MAAM,SAAS,GAAG,EAAE,KAAK,EAAE,QAAQ,EAAE,CAAC;IACtC,MAAM,EAAE,MAAM,EAAE,IAAI,EAAE,GAAG,MAAM,wBAAY,CAAC,KAAK,CAAC,SAAS,CAAC,CAAC;IAC7D,GAAG,CAAC,MAAM,CAAC,MAAM,CAAC,CAAC,IAAI,CAAC,IAAI,CAAC,CAAC;AAChC,CAAC,CAAC;AAiEA,sBAAK;AA9DP,aAAa;AACb,MAAM,aAAa,GAAG,KAAK,EAAE,GAAY,EAAE,GAAa,EAAE,EAAE;IAC1D,MAAM,EAAE,IAAI,EAAE,QAAQ,EAAE,KAAK,EAAE,QAAQ,EAAE,MAAM,EAAE,QAAQ,EAAE,GAAG,EAAE,QAAQ,EAAE,GACxE,GAAG,CAAC,IAAI,CAAC;IAEX,qBAAqB;IACrB,IAAI,CAAC,IAAI,IAAI,CAAC,QAAQ,IAAI,CAAC,KAAK,IAAI,CAAC,QAAQ,EAAE;QAC7C,OAAO,GAAG;aACP,MAAM,CAAC,GAAG,CAAC;aACX,IAAI,CAAC,EAAE,OAAO,EAAE,iDAAiD,EAAE,CAAC,CAAC;KACzE;IAED,0BAA0B;IAC1B,MAAM,OAAO,GAAG,MAAM,wBAAY,CAAC,YAAY,CAAC;QAC9C,IAAI;QACJ,QAAQ;QACR,KAAK;QACL,QAAQ;QACR,MAAM;QACN,QAAQ;QACR,GAAG;QACH,QAAQ;KACT,CAAC,CAAC;IAEH,qBAAqB;IACrB,OAAO,GAAG,CAAC,MAAM,CAAC,GAAG,CAAC,CAAC,IAAI,CAAC,OAAO,CAAC,CAAC;AACvC,CAAC,CAAC;AAqCA,sCAAa;AAnCf,MAAM,oBAAoB,GAAG,KAAK,EAAE,GAAY,EAAE,GAAa,EAAE,EAAE;IACjE,MAAM,mBAAmB,GAAG,GAAG,CAAC,GAAG,CAAC,eAAe,CAAC,CAAC;IACrD,MAAM,QAAQ,GAAG,GAAG,CAAC,IAAI,CAAC;IAC1B,IAAI,CAAC,mBAAmB,EAAE;QACxB,OAAO,GAAG,CAAC,MAAM,CAAC,GAAG,CAAC,CAAC,IAAI,CAAC,EAAE,OAAO,EAAE,iBAAiB,EAAE,CAAC,CAAC;KAC7D;IACD,MAAM,KAAK,GAAG,mBAAmB,CAAC,KAAK,CAAC,GAAG,CAAC,CAAC,CAAC,CAAC,CAAC;IAChD,MAAM,aAAa,GAAG,MAAM,wBAAY,CAAC,UAAU,CAAC,QAAQ,EAAE,KAAK,CAAC,CAAC;IACrE,OAAO,GAAG,CAAC,MAAM,CAAC,GAAG,CAAC,CAAC,IAAI,CAAC,aAAa,CAAC,CAAC;AAC7C,CAAC,CAAC;AA4BA,oDAAoB;AA1BtB,MAAM,OAAO,GAAG,KAAK,EAAE,GAAY,EAAE,GAAa,EAAE,EAAE;IACpD,MAAM,IAAI,GAAG,MAAM,wBAAY,CAAC,UAAU,EAAE,CAAC;IAC7C,OAAO,GAAG,CAAC,MAAM,CAAC,GAAG,CAAC,CAAC,IAAI,CAAC,IAAI,CAAC,CAAC;AACpC,CAAC,CAAC;AAsBA,0BAAO;AApBT,MAAM,sBAAsB,GAAG,KAAK,EAAE,GAAY,EAAE,GAAa,EAAE,EAAE;IACnE,MAAM,mBAAmB,GAAG,GAAG,CAAC,GAAG,CAAC,eAAe,CAAC,CAAC;IACrD,IAAI,CAAC,mBAAmB,EAAE;QACxB,OAAO,GAAG,CAAC,MAAM,CAAC,GAAG,CAAC,CAAC,IAAI,CAAC,EAAE,OAAO,EAAE,iBAAiB,EAAE,CAAC,CAAC;KAC7D;IACD,MAAM,KAAK,GAAG,mBAAmB,CAAC,KAAK,CAAC,GAAG,CAAC,CAAC,CAAC,CAAC,CAAC;IAChD,MAAM,EAAE,MAAM,EAAE,IAAI,EAAE,GAAG,MAAM,wBAAY,CAAC,YAAY,CAAC,KAAK,CAAC,CAAC;IAChE,OAAO,GAAG,CAAC,MAAM,CAAC,MAAM,CAAC,CAAC,IAAI,CAAC,IAAI,CAAC,CAAC;AACvC,CAAC,CAAC;AAcA,wDAAsB;AAZxB,MAAM,aAAa,GAAG,CAAC,GAAY,EAAE,GAAa,EAAE,EAAE;IACpD,MAAM,mBAAmB,GAAG,GAAG,CAAC,GAAG,CAAC,eAAe,CAAC,CAAC;IACrD,IAAI,CAAC,mBAAmB;QAAE,OAAO,GAAG,CAAC,MAAM,CAAC,GAAG,CAAC,CAAC,IAAI,CAAC,EAAE,OAAO,EAAE,iBAAiB,EAAE,CAAC,CAAC;IACtF,MAAM,YAAY,GAAG,wBAAY,CAAC,aAAa,CAAC,mBAAmB,CAAC,CAAC;IACrE,OAAO,GAAG,CAAC,MAAM,CAAC,GAAG,CAAC,CAAC,IAAI,CAAC,YAAY,CAAC,CAAA;AAC3C,CAAC,CAAC;AAQA,sCAAa","sourcesContent":["import loginService from \"./../services/users.services\";\nimport { Request, Response } from \"express\";\n\nconst Login = async (req: Request, res: Response): Promise<void> => {\n  const { email, password } = req.body;\n  const userlogin = { email, password };\n  const { status, data } = await loginService.login(userlogin);\n  res.status(status).json(data);\n};\n\n\n// controller\nconst registreUsers = async (req: Request, res: Response) => {\n  const { name, lastname, email, password, tumrbl, endereco, cep, telefone } =\n    req.body;\n\n  // Validação de dados\n  if (!name || !lastname || !email || !password) {\n    return res\n      .status(400)\n      .json({ message: \"Por favor, forneça todos os campos necessários.\" });\n  }\n\n  // Criação de novo usuário\n  const newUser = await loginService.registerUser({\n    name,\n    lastname,\n    email,\n    password,\n    tumrbl,\n    endereco,\n    cep,\n    telefone,\n  });\n\n  // Retorno de sucesso\n  return res.status(201).json(newUser);\n};\n\nconst updateUserController = async (req: Request, res: Response) => {\n  const authorizationHeader = req.get(\"Authorization\");\n  const dataUser = req.body;\n  if (!authorizationHeader) {\n    return res.status(401).json({ message: \"Token not found\" });\n  }\n  const token = authorizationHeader.split(\" \")[1];\n  const serviceupdate = await loginService.updateUser(dataUser, token);\n  return res.status(200).json(serviceupdate);\n};\n\nconst getUser = async (req: Request, res: Response) => {\n  const user = await loginService.getallUser();\n  return res.status(200).send(user);\n};\n\nconst getUserLoginController = async (req: Request, res: Response) => {\n  const authorizationHeader = req.get(\"Authorization\");\n  if (!authorizationHeader) {\n    return res.status(401).json({ message: \"Token not found\" });\n  }\n  const token = authorizationHeader.split(\" \")[1];\n  const { status, data } = await loginService.getUserLogin(token);\n  return res.status(status).json(data);\n};\n\nconst tokenValidate = (req: Request, res: Response) => {\n  const authorizationHeader = req.get(\"Authorization\");\n  if (!authorizationHeader) return res.status(401).json({ message: \"Token not found\" });\n  const isTokenValid = loginService.validateToken(authorizationHeader);\n  return res.status(200).json(isTokenValid)\n};\n\nexport {\n  Login,\n  registreUsers,\n  getUser,\n  updateUserController,\n  getUserLoginController,\n  tokenValidate,\n};\n"]},"_coverageSchema":"1a1c01bbd47fc00a2c39e90264f33305004495a9","hash":"d46e410a0dc2eff1a8ba437584fd9ca2c30e6585"},"/home/claydson/Documentos/Projetos/Store.20/app/backend/src/services/users.services.ts":{"path":"/home/claydson/Documentos/Projetos/Store.20/app/backend/src/services/users.services.ts","statementMap":{"0":{"start":{"line":2,"column":22},"end":{"line":12,"column":3}},"1":{"start":{"line":3,"column":4},"end":{"line":3,"column":33}},"2":{"start":{"line":3,"column":26},"end":{"line":3,"column":33}},"3":{"start":{"line":4,"column":15},"end":{"line":4,"column":52}},"4":{"start":{"line":5,"column":4},"end":{"line":7,"column":5}},"5":{"start":{"line":6,"column":6},"end":{"line":6,"column":68}},"6":{"start":{"line":6,"column":51},"end":{"line":6,"column":63}},"7":{"start":{"line":8,"column":4},"end":{"line":8,"column":39}},"8":{"start":{"line":10,"column":4},"end":{"line":10,"column":33}},"9":{"start":{"line":10,"column":26},"end":{"line":10,"column":33}},"10":{"start":{"line":11,"column":4},"end":{"line":11,"column":17}},"11":{"start":{"line":13,"column":25},"end":{"line":17,"column":2}},"12":{"start":{"line":14,"column":4},"end":{"line":14,"column":72}},"13":{"start":{"line":16,"column":4},"end":{"line":16,"column":21}},"14":{"start":{"line":18,"column":19},"end":{"line":24,"column":1}},"15":{"start":{"line":19,"column":4},"end":{"line":19,"column":42}},"16":{"start":{"line":19,"column":31},"end":{"line":19,"column":42}},"17":{"start":{"line":20,"column":17},"end":{"line":20,"column":19}},"18":{"start":{"line":21,"column":4},"end":{"line":21,"column":141}},"19":{"start":{"line":21,"column":21},"end":{"line":21,"column":141}},"20":{"start":{"line":21,"column":40},"end":{"line":21,"column":141}},"21":{"start":{"line":21,"column":109},"end":{"line":21,"column":141}},"22":{"start":{"line":22,"column":4},"end":{"line":22,"column":36}},"23":{"start":{"line":23,"column":4},"end":{"line":23,"column":18}},"24":{"start":{"line":25,"column":22},"end":{"line":27,"column":1}},"25":{"start":{"line":26,"column":4},"end":{"line":26,"column":62}},"26":{"start":{"line":28,"column":0},"end":{"line":28,"column":62}},"27":{"start":{"line":29,"column":15},"end":{"line":29,"column":48}},"28":{"start":{"line":30,"column":22},"end":{"line":30,"column":80}},"29":{"start":{"line":31,"column":22},"end":{"line":31,"column":53}},"30":{"start":{"line":32,"column":20},"end":{"line":32,"column":56}},"31":{"start":{"line":33,"column":14},"end":{"line":52,"column":1}},"32":{"start":{"line":34,"column":32},"end":{"line":34,"column":36}},"33":{"start":{"line":35,"column":4},"end":{"line":40,"column":5}},"34":{"start":{"line":36,"column":8},"end":{"line":39,"column":10}},"35":{"start":{"line":41,"column":24},"end":{"line":41,"column":81}},"36":{"start":{"line":42,"column":4},"end":{"line":44,"column":5}},"37":{"start":{"line":43,"column":8},"end":{"line":43,"column":79}},"38":{"start":{"line":45,"column":28},"end":{"line":45,"column":80}},"39":{"start":{"line":46,"column":4},"end":{"line":48,"column":5}},"40":{"start":{"line":47,"column":8},"end":{"line":47,"column":79}},"41":{"start":{"line":49,"column":25},"end":{"line":49,"column":36}},"42":{"start":{"line":50,"column":18},"end":{"line":50,"column":62}},"43":{"start":{"line":51,"column":4},"end":{"line":51,"column":44}},"44":{"start":{"line":53,"column":21},"end":{"line":68,"column":1}},"45":{"start":{"line":54,"column":81},"end":{"line":54,"column":89}},"46":{"start":{"line":55,"column":21},"end":{"line":55,"column":42}},"47":{"start":{"line":56,"column":27},"end":{"line":56,"column":65}},"48":{"start":{"line":57,"column":20},"end":{"line":66,"column":6}},"49":{"start":{"line":67,"column":4},"end":{"line":67,"column":19}},"50":{"start":{"line":69,"column":19},"end":{"line":85,"column":1}},"51":{"start":{"line":70,"column":28},"end":{"line":70,"column":38}},"52":{"start":{"line":71,"column":25},"end":{"line":71,"column":62}},"53":{"start":{"line":72,"column":4},"end":{"line":74,"column":5}},"54":{"start":{"line":73,"column":8},"end":{"line":73,"column":41}},"55":{"start":{"line":75,"column":19},"end":{"line":75,"column":31}},"56":{"start":{"line":76,"column":17},"end":{"line":76,"column":71}},"57":{"start":{"line":77,"column":4},"end":{"line":79,"column":5}},"58":{"start":{"line":78,"column":8},"end":{"line":78,"column":42}},"59":{"start":{"line":80,"column":4},"end":{"line":82,"column":5}},"60":{"start":{"line":81,"column":8},"end":{"line":81,"column":80}},"61":{"start":{"line":83,"column":23},"end":{"line":83,"column":88}},"62":{"start":{"line":84,"column":4},"end":{"line":84,"column":22}},"63":{"start":{"line":86,"column":19},"end":{"line":89,"column":1}},"64":{"start":{"line":87,"column":17},"end":{"line":87,"column":54}},"65":{"start":{"line":88,"column":4},"end":{"line":88,"column":16}},"66":{"start":{"line":90,"column":21},"end":{"line":100,"column":1}},"67":{"start":{"line":91,"column":25},"end":{"line":91,"column":62}},"68":{"start":{"line":92,"column":4},"end":{"line":94,"column":5}},"69":{"start":{"line":93,"column":8},"end":{"line":93,"column":68}},"70":{"start":{"line":95,"column":19},"end":{"line":95,"column":31}},"71":{"start":{"line":96,"column":17},"end":{"line":98,"column":6}},"72":{"start":{"line":99,"column":4},"end":{"line":99,"column":39}},"73":{"start":{"line":101,"column":22},"end":{"line":108,"column":1}},"74":{"start":{"line":102,"column":4},"end":{"line":103,"column":14}},"75":{"start":{"line":103,"column":8},"end":{"line":103,"column":14}},"76":{"start":{"line":104,"column":20},"end":{"line":104,"column":57}},"77":{"start":{"line":105,"column":4},"end":{"line":106,"column":14}},"78":{"start":{"line":106,"column":8},"end":{"line":106,"column":14}},"79":{"start":{"line":107,"column":4},"end":{"line":107,"column":16}},"80":{"start":{"line":109,"column":0},"end":{"line":116,"column":2}}},"fnMap":{"0":{"name":"(anonymous_0)","decl":{"start":{"line":2,"column":74},"end":{"line":2,"column":75}},"loc":{"start":{"line":2,"column":96},"end":{"line":9,"column":1}},"line":2},"1":{"name":"(anonymous_1)","decl":{"start":{"line":6,"column":38},"end":{"line":6,"column":39}},"loc":{"start":{"line":6,"column":49},"end":{"line":6,"column":65}},"line":6},"2":{"name":"(anonymous_2)","decl":{"start":{"line":9,"column":6},"end":{"line":9,"column":7}},"loc":{"start":{"line":9,"column":28},"end":{"line":12,"column":1}},"line":9},"3":{"name":"(anonymous_3)","decl":{"start":{"line":13,"column":80},"end":{"line":13,"column":81}},"loc":{"start":{"line":13,"column":95},"end":{"line":15,"column":1}},"line":13},"4":{"name":"(anonymous_4)","decl":{"start":{"line":15,"column":5},"end":{"line":15,"column":6}},"loc":{"start":{"line":15,"column":20},"end":{"line":17,"column":1}},"line":15},"5":{"name":"(anonymous_5)","decl":{"start":{"line":18,"column":50},"end":{"line":18,"column":51}},"loc":{"start":{"line":18,"column":65},"end":{"line":24,"column":1}},"line":18},"6":{"name":"(anonymous_6)","decl":{"start":{"line":25,"column":56},"end":{"line":25,"column":57}},"loc":{"start":{"line":25,"column":71},"end":{"line":27,"column":1}},"line":25},"7":{"name":"(anonymous_7)","decl":{"start":{"line":33,"column":14},"end":{"line":33,"column":15}},"loc":{"start":{"line":33,"column":30},"end":{"line":52,"column":1}},"line":33},"8":{"name":"(anonymous_8)","decl":{"start":{"line":53,"column":21},"end":{"line":53,"column":22}},"loc":{"start":{"line":53,"column":41},"end":{"line":68,"column":1}},"line":53},"9":{"name":"(anonymous_9)","decl":{"start":{"line":69,"column":19},"end":{"line":69,"column":20}},"loc":{"start":{"line":69,"column":48},"end":{"line":85,"column":1}},"line":69},"10":{"name":"(anonymous_10)","decl":{"start":{"line":86,"column":19},"end":{"line":86,"column":20}},"loc":{"start":{"line":86,"column":31},"end":{"line":89,"column":1}},"line":86},"11":{"name":"(anonymous_11)","decl":{"start":{"line":90,"column":21},"end":{"line":90,"column":22}},"loc":{"start":{"line":90,"column":38},"end":{"line":100,"column":1}},"line":90},"12":{"name":"(anonymous_12)","decl":{"start":{"line":101,"column":22},"end":{"line":101,"column":23}},"loc":{"start":{"line":101,"column":33},"end":{"line":108,"column":1}},"line":101}},"branchMap":{"0":{"loc":{"start":{"line":2,"column":22},"end":{"line":12,"column":3}},"type":"binary-expr","locations":[{"start":{"line":2,"column":23},"end":{"line":2,"column":27}},{"start":{"line":2,"column":31},"end":{"line":2,"column":51}},{"start":{"line":2,"column":57},"end":{"line":12,"column":2}}],"line":2},"1":{"loc":{"start":{"line":2,"column":57},"end":{"line":12,"column":2}},"type":"cond-expr","locations":[{"start":{"line":2,"column":74},"end":{"line":9,"column":1}},{"start":{"line":9,"column":6},"end":{"line":12,"column":1}}],"line":2},"2":{"loc":{"start":{"line":3,"column":4},"end":{"line":3,"column":33}},"type":"if","locations":[{"start":{"line":3,"column":4},"end":{"line":3,"column":33}},{"start":{"line":3,"column":4},"end":{"line":3,"column":33}}],"line":3},"3":{"loc":{"start":{"line":5,"column":4},"end":{"line":7,"column":5}},"type":"if","locations":[{"start":{"line":5,"column":4},"end":{"line":7,"column":5}},{"start":{"line":5,"column":4},"end":{"line":7,"column":5}}],"line":5},"4":{"loc":{"start":{"line":5,"column":8},"end":{"line":5,"column":85}},"type":"binary-expr","locations":[{"start":{"line":5,"column":8},"end":{"line":5,"column":13}},{"start":{"line":5,"column":18},"end":{"line":5,"column":84}}],"line":5},"5":{"loc":{"start":{"line":5,"column":18},"end":{"line":5,"column":84}},"type":"cond-expr","locations":[{"start":{"line":5,"column":34},"end":{"line":5,"column":47}},{"start":{"line":5,"column":50},"end":{"line":5,"column":84}}],"line":5},"6":{"loc":{"start":{"line":5,"column":50},"end":{"line":5,"column":84}},"type":"binary-expr","locations":[{"start":{"line":5,"column":50},"end":{"line":5,"column":63}},{"start":{"line":5,"column":67},"end":{"line":5,"column":84}}],"line":5},"7":{"loc":{"start":{"line":10,"column":4},"end":{"line":10,"column":33}},"type":"if","locations":[{"start":{"line":10,"column":4},"end":{"line":10,"column":33}},{"start":{"line":10,"column":4},"end":{"line":10,"column":33}}],"line":10},"8":{"loc":{"start":{"line":13,"column":25},"end":{"line":17,"column":2}},"type":"binary-expr","locations":[{"start":{"line":13,"column":26},"end":{"line":13,"column":30}},{"start":{"line":13,"column":34},"end":{"line":13,"column":57}},{"start":{"line":13,"column":63},"end":{"line":17,"column":1}}],"line":13},"9":{"loc":{"start":{"line":13,"column":63},"end":{"line":17,"column":1}},"type":"cond-expr","locations":[{"start":{"line":13,"column":80},"end":{"line":15,"column":1}},{"start":{"line":15,"column":5},"end":{"line":17,"column":1}}],"line":13},"10":{"loc":{"start":{"line":18,"column":19},"end":{"line":24,"column":1}},"type":"binary-expr","locations":[{"start":{"line":18,"column":20},"end":{"line":18,"column":24}},{"start":{"line":18,"column":28},"end":{"line":18,"column":45}},{"start":{"line":18,"column":50},"end":{"line":24,"column":1}}],"line":18},"11":{"loc":{"start":{"line":19,"column":4},"end":{"line":19,"column":42}},"type":"if","locations":[{"start":{"line":19,"column":4},"end":{"line":19,"column":42}},{"start":{"line":19,"column":4},"end":{"line":19,"column":42}}],"line":19},"12":{"loc":{"start":{"line":19,"column":8},"end":{"line":19,"column":29}},"type":"binary-expr","locations":[{"start":{"line":19,"column":8},"end":{"line":19,"column":11}},{"start":{"line":19,"column":15},"end":{"line":19,"column":29}}],"line":19},"13":{"loc":{"start":{"line":21,"column":4},"end":{"line":21,"column":141}},"type":"if","locations":[{"start":{"line":21,"column":4},"end":{"line":21,"column":141}},{"start":{"line":21,"column":4},"end":{"line":21,"column":141}}],"line":21},"14":{"loc":{"start":{"line":21,"column":40},"end":{"line":21,"column":141}},"type":"if","locations":[{"start":{"line":21,"column":40},"end":{"line":21,"column":141}},{"start":{"line":21,"column":40},"end":{"line":21,"column":141}}],"line":21},"15":{"loc":{"start":{"line":21,"column":44},"end":{"line":21,"column":107}},"type":"binary-expr","locations":[{"start":{"line":21,"column":44},"end":{"line":21,"column":59}},{"start":{"line":21,"column":63},"end":{"line":21,"column":107}}],"line":21},"16":{"loc":{"start":{"line":25,"column":22},"end":{"line":27,"column":1}},"type":"binary-expr","locations":[{"start":{"line":25,"column":23},"end":{"line":25,"column":27}},{"start":{"line":25,"column":31},"end":{"line":25,"column":51}},{"start":{"line":25,"column":56},"end":{"line":27,"column":1}}],"line":25},"17":{"loc":{"start":{"line":26,"column":11},"end":{"line":26,"column":61}},"type":"cond-expr","locations":[{"start":{"line":26,"column":37},"end":{"line":26,"column":40}},{"start":{"line":26,"column":43},"end":{"line":26,"column":61}}],"line":26},"18":{"loc":{"start":{"line":26,"column":12},"end":{"line":26,"column":33}},"type":"binary-expr","locations":[{"start":{"line":26,"column":12},"end":{"line":26,"column":15}},{"start":{"line":26,"column":19},"end":{"line":26,"column":33}}],"line":26},"19":{"loc":{"start":{"line":32,"column":20},"end":{"line":32,"column":56}},"type":"binary-expr","locations":[{"start":{"line":32,"column":20},"end":{"line":32,"column":50}},{"start":{"line":32,"column":54},"end":{"line":32,"column":56}}],"line":32},"20":{"loc":{"start":{"line":35,"column":4},"end":{"line":40,"column":5}},"type":"if","locations":[{"start":{"line":35,"column":4},"end":{"line":40,"column":5}},{"start":{"line":35,"column":4},"end":{"line":40,"column":5}}],"line":35},"21":{"loc":{"start":{"line":35,"column":8},"end":{"line":35,"column":27}},"type":"binary-expr","locations":[{"start":{"line":35,"column":8},"end":{"line":35,"column":14}},{"start":{"line":35,"column":18},"end":{"line":35,"column":27}}],"line":35},"22":{"loc":{"start":{"line":42,"column":4},"end":{"line":44,"column":5}},"type":"if","locations":[{"start":{"line":42,"column":4},"end":{"line":44,"column":5}},{"start":{"line":42,"column":4},"end":{"line":44,"column":5}}],"line":42},"23":{"loc":{"start":{"line":42,"column":8},"end":{"line":42,"column":47}},"type":"binary-expr","locations":[{"start":{"line":42,"column":8},"end":{"line":42,"column":20}},{"start":{"line":42,"column":24},"end":{"line":42,"column":47}}],"line":42},"24":{"loc":{"start":{"line":46,"column":4},"end":{"line":48,"column":5}},"type":"if","locations":[{"start":{"line":46,"column":4},"end":{"line":48,"column":5}},{"start":{"line":46,"column":4},"end":{"line":48,"column":5}}],"line":46},"25":{"loc":{"start":{"line":60,"column":16},"end":{"line":60,"column":28}},"type":"binary-expr","locations":[{"start":{"line":60,"column":16},"end":{"line":60,"column":22}},{"start":{"line":60,"column":26},"end":{"line":60,"column":28}}],"line":60},"26":{"loc":{"start":{"line":72,"column":4},"end":{"line":74,"column":5}},"type":"if","locations":[{"start":{"line":72,"column":4},"end":{"line":74,"column":5}},{"start":{"line":72,"column":4},"end":{"line":74,"column":5}}],"line":72},"27":{"loc":{"start":{"line":77,"column":4},"end":{"line":79,"column":5}},"type":"if","locations":[{"start":{"line":77,"column":4},"end":{"line":79,"column":5}},{"start":{"line":77,"column":4},"end":{"line":79,"column":5}}],"line":77},"28":{"loc":{"start":{"line":80,"column":4},"end":{"line":82,"column":5}},"type":"if","locations":[{"start":{"line":80,"column":4},"end":{"line":82,"column":5}},{"start":{"line":80,"column":4},"end":{"line":82,"column":5}}],"line":80},"29":{"loc":{"start":{"line":92,"column":4},"end":{"line":94,"column":5}},"type":"if","locations":[{"start":{"line":92,"column":4},"end":{"line":94,"column":5}},{"start":{"line":92,"column":4},"end":{"line":94,"column":5}}],"line":92},"30":{"loc":{"start":{"line":102,"column":4},"end":{"line":103,"column":14}},"type":"if","locations":[{"start":{"line":102,"column":4},"end":{"line":103,"column":14}},{"start":{"line":102,"column":4},"end":{"line":103,"column":14}}],"line":102},"31":{"loc":{"start":{"line":105,"column":4},"end":{"line":106,"column":14}},"type":"if","locations":[{"start":{"line":105,"column":4},"end":{"line":106,"column":14}},{"start":{"line":105,"column":4},"end":{"line":106,"column":14}}],"line":105}},"s":{"0":1,"1":11,"2":11,"3":11,"4":11,"5":11,"6":4,"7":11,"8":0,"9":0,"10":0,"11":1,"12":1,"13":0,"14":1,"15":1,"16":0,"17":1,"18":1,"19":1,"20":11,"21":11,"22":1,"23":1,"24":1,"25":1,"26":1,"27":1,"28":1,"29":1,"30":1,"31":1,"32":8,"33":8,"34":2,"35":6,"36":6,"37":2,"38":4,"39":4,"40":2,"41":2,"42":2,"43":2,"44":1,"45":0,"46":0,"47":0,"48":0,"49":0,"50":1,"51":0,"52":0,"53":0,"54":0,"55":0,"56":0,"57":0,"58":0,"59":0,"60":0,"61":0,"62":0,"63":1,"64":0,"65":0,"66":1,"67":0,"68":0,"69":0,"70":0,"71":0,"72":0,"73":1,"74":0,"75":0,"76":0,"77":0,"78":0,"79":0,"80":1},"f":{"0":11,"1":4,"2":0,"3":1,"4":0,"5":1,"6":1,"7":8,"8":0,"9":0,"10":0,"11":0,"12":0},"b":{"0":[1,1,1],"1":[1,0],"2":[11,0],"3":[11,0],"4":[11,11],"5":[0,11],"6":[11,0],"7":[0,0],"8":[1,1,1],"9":[1,0],"10":[1,1,1],"11":[0,1],"12":[1,1],"13":[1,0],"14":[11,0],"15":[11,11],"16":[1,1,1],"17":[1,0],"18":[1,1],"19":[1,1],"20":[2,6],"21":[8,7],"22":[2,4],"23":[6,4],"24":[2,2],"25":[0,0],"26":[0,0],"27":[0,0],"28":[0,0],"29":[0,0],"30":[0,0],"31":[0,0]},"inputSourceMap":{"version":3,"file":"/home/claydson/Documentos/Projetos/Store.20/app/backend/src/services/users.services.ts","sources":["/home/claydson/Documentos/Projetos/Store.20/app/backend/src/services/users.services.ts"],"names":[],"mappings":";;;;;;;;;;;;;;;;;;;;;;;;;;;;AAAA,iDAAmC;AACnC,iFAAwD;AAExD,sDAAyD;AAEzD,MAAM,WAAW,GAAG,OAAO,CAAC,GAAG,CAAC,kBAAkB,IAAI,EAAE,CAAC;AAEzD,MAAM,KAAK,GAAG,KAAK,EAAE,IAAY,EAAE,EAAE;IACnC,MAAM,EAAE,KAAK,EAAE,QAAQ,EAAE,GAAG,IAAI,CAAC;IAEjC,IAAG,CAAC,KAAK,IAAI,CAAC,QAAQ,EAAE;QACrB,OAAO;YACL,MAAM,EAAE,GAAG;YACX,IAAI,EAAE,EAAE,OAAO,EAAE,iCAAiC,EAAE;SACrD,CAAC;KACJ;IAED,MAAM,WAAW,GAAG,MAAM,qBAAU,CAAC,OAAO,CAAC,EAAE,KAAK,EAAE,EAAE,KAAK,EAAE,EAAE,CAAC,CAAC;IACnE,IAAI,CAAC,WAAW,IAAI,CAAC,WAAW,CAAC,UAAU,EAAE;QAC3C,OAAO,EAAE,MAAM,EAAE,GAAG,EAAE,IAAI,EAAE,EAAE,OAAO,EAAE,2BAA2B,EAAE,EAAE,CAAC;KACxE;IACD,MAAM,eAAe,GAAG,MAAM,MAAM,CAAC,OAAO,CAAC,QAAQ,EAAE,WAAW,CAAC,QAAQ,CAAC,CAAC;IAC7E,IAAI,CAAC,eAAe,EAAE;QACpB,OAAO,EAAE,MAAM,EAAE,GAAG,EAAE,IAAI,EAAE,EAAE,OAAO,EAAE,2BAA2B,EAAE,EAAE,CAAC;KACxE;IACD,MAAM,EAAE,IAAI,EAAE,EAAE,EAAE,GAAG,WAAW,CAAC;IACjC,MAAM,KAAK,GAAG,IAAA,kBAAI,EAAC,EAAE,EAAE,EAAE,KAAK,EAAE,IAAI,EAAE,CAAC,CAAC;IACxC,OAAO,EAAE,MAAM,EAAE,GAAG,EAAE,IAAI,EAAE,EAAE,KAAK,EAAE,EAAE,CAAC;AAC1C,CAAC,CAAC;AAEF,MAAM,YAAY,GAAG,KAAK,EAAE,QAAoB,EAAE,EAAE;IAClD,MAAM,EAAE,IAAI,EAAE,QAAQ,EAAE,KAAK,EAAE,QAAQ,EAAE,MAAM,EAAE,QAAQ,EAAE,GAAG,EAAE,QAAQ,EAAE,GACxE,QAAQ,CAAC;IACX,MAAM,QAAQ,GAAG,GAAG,IAAI,IAAI,QAAQ,EAAE,CAAC;IACvC,MAAM,cAAc,GAAG,MAAM,CAAC,QAAQ,CAAC,QAAQ,EAAE,WAAW,CAAC,CAAC;IAC9D,MAAM,OAAO,GAAG,MAAM,qBAAU,CAAC,MAAM,CAAC;QACtC,QAAQ;QACR,KAAK;QACL,MAAM,EAAE,MAAM,IAAI,EAAE;QACpB,QAAQ,EAAE,cAAc;QACxB,IAAI,EAAE,MAAM;QACZ,QAAQ;QACR,GAAG;QACH,QAAQ;KACT,CAAC,CAAC;IACH,OAAO,OAAO,CAAC;AACjB,CAAC,CAAC;AAEF,MAAM,UAAU,GAAG,KAAK,EAAE,UAAsB,EAAE,KAAa,EAAE,EAAE;IACjE,IAAI,EAAE,GAAG,UAAU,EAAE,GAAG,UAAU,CAAC;IACnC,MAAM,YAAY,GAAG,IAAA,yBAAW,EAAC,KAAK,CAAC,CAAC;IAExC,IAAI,CAAC,YAAY,EAAE;QACjB,MAAM,IAAI,KAAK,CAAC,eAAe,CAAC,CAAC;KAClC;IACD,MAAM,EAAE,EAAE,EAAE,GAAG,YAAY,CAAC;IAC5B,MAAM,IAAI,GAAG,MAAM,qBAAU,CAAC,OAAO,CAAC,EAAE,KAAK,EAAE,EAAE,EAAE,EAAE,EAAE,CAAC,CAAC;IAEzD,IAAI,CAAC,IAAI,EAAE;QACT,MAAM,IAAI,KAAK,CAAC,gBAAgB,CAAC,CAAC;KACnC;IAED,IAAI,UAAU,CAAC,QAAQ,EAAE;QACvB,UAAU,CAAC,QAAQ,GAAG,MAAM,CAAC,QAAQ,CAAC,UAAU,CAAC,QAAQ,EAAE,WAAW,CAAC,CAAC;KACzE;IACD,MAAM,UAAU,GAAG,MAAM,qBAAU,CAAC,MAAM,CAAC,UAAU,EAAE,EAAE,KAAK,EAAE,EAAE,EAAE,EAAE,EAAE,CAAC,CAAC;IAC1E,OAAO,UAAU,CAAC;AACpB,CAAC,CAAC;AAEF,MAAM,UAAU,GAAG,KAAK,IAAI,EAAE;IAC5B,MAAM,IAAI,GAAG,MAAM,qBAAU,CAAC,OAAO,EAAE,CAAC;IACxC,OAAO,IAAI,CAAC;AACd,CAAC,CAAC;AAEF,MAAM,YAAY,GAAG,KAAK,EAAE,KAAa,EAAE,EAAE;IAC3C,MAAM,YAAY,GAAG,IAAA,yBAAW,EAAC,KAAK,CAAC,CAAC;IACxC,IAAI,CAAC,YAAY,EAAE;QACjB,OAAO,EAAE,MAAM,EAAE,GAAG,EAAE,IAAI,EAAE,EAAE,OAAO,EAAE,gBAAgB,EAAE,EAAE,CAAC;KAC7D;IACD,MAAM,EAAE,EAAE,EAAE,GAAG,YAAY,CAAC;IAC5B,MAAM,IAAI,GAAG,MAAM,qBAAU,CAAC,QAAQ,CAAC,EAAE,EAAE;QACzC,UAAU,EAAE,EAAE,OAAO,EAAE,CAAC,UAAU,CAAC,EAAE;KACtC,CAAC,CAAC;IACH,OAAO,EAAE,MAAM,EAAE,GAAG,EAAE,IAAI,EAAE,IAAI,EAAE,CAAC;AACrC,CAAC,CAAC;AAEF,MAAM,aAAa,GAAG,CAAC,KAAa,EAAE,EAAE;IACtC,IAAI,KAAK;QAAE,KAAK,CAAC;IACjB,MAAM,OAAO,GAAG,IAAA,yBAAW,EAAC,KAAK,CAAC,CAAC;IACnC,IAAI,CAAC,OAAO;QAAE,KAAK,CAAC;IACpB,OAAO,IAAI,CAAC;AACd,CAAC,CAAC;AAEF,kBAAe;IACb,KAAK;IACL,YAAY;IACZ,UAAU;IACV,UAAU;IACV,YAAY;IACZ,aAAa;CACd,CAAC","sourcesContent":["import * as bcrypt from \"bcryptjs\";\nimport UserModels from \"../database/models/User.models\";\nimport { Ilogin, createUser, updateUser } from \"../Interfaces/IUsers\";\nimport { verifyToken, sign } from \"../utils/token.utils\";\n\nconst SALT_ROUNDS = process.env.BCRYPT_SALT_ROUNDS || 10;\n\nconst login = async (user: Ilogin) => {\n  const { email, password } = user;\n  \n  if(!email || !password) {\n     return {\n       status: 401,\n       data: { message: \"Email and Password are required\" },\n     };\n  }\n  \n  const verifyLogin = await UserModels.findOne({ where: { email } });\n  if (!verifyLogin || !verifyLogin.dataValues) {\n    return { status: 401, data: { message: \"Invalid email or password\" } };\n  }\n  const verfifyPassword = await bcrypt.compare(password, verifyLogin.password);\n  if (!verfifyPassword) {\n    return { status: 401, data: { message: \"Invalid email or password\" } };\n  }\n  const { role, id } = verifyLogin;\n  const token = sign({ id, email, role });\n  return { status: 200, data: { token } };\n};\n\nconst registerUser = async (userData: createUser) => {\n  const { name, lastname, email, password, tumrbl, endereco, cep, telefone } =\n    userData;\n  const username = `${name} ${lastname}`;\n  const bcryptPassword = bcrypt.hashSync(password, SALT_ROUNDS);\n  const newUser = await UserModels.create({\n    username,\n    email,\n    tumrbl: tumrbl || \"\",\n    password: bcryptPassword,\n    role: \"USER\",\n    endereco,\n    cep,\n    telefone,\n  });\n  return newUser;\n};\n\nconst updateUser = async (userUpdate: updateUser, token: string) => {\n  let { ...dataUpdate } = userUpdate;\n  const tokenPayload = verifyToken(token);\n\n  if (!tokenPayload) {\n    throw new Error(\"Invalid token\");\n  }\n  const { id } = tokenPayload;\n  const user = await UserModels.findOne({ where: { id } });\n\n  if (!user) {\n    throw new Error(\"User not found\");\n  }\n\n  if (dataUpdate.password) {\n    dataUpdate.password = bcrypt.hashSync(dataUpdate.password, SALT_ROUNDS);\n  }\n  const updateUser = await UserModels.update(dataUpdate, { where: { id } });\n  return updateUser;\n};\n\nconst getallUser = async () => {\n  const user = await UserModels.findAll();\n  return user;\n};\n\nconst getUserLogin = async (token: string) => {\n  const tokenPayload = verifyToken(token);\n  if (!tokenPayload) {\n    return { status: 401, data: { message: \"token invalido\" } };\n  }\n  const { id } = tokenPayload;\n  const user = await UserModels.findByPk(id, {\n    attributes: { exclude: [\"password\"] },\n  });\n  return { status: 200, data: user };\n};\n\nconst validateToken = (token: string) => {\n  if (token) false;\n  const isToken = verifyToken(token);\n  if (!isToken) false;\n  return true;\n};\n\nexport default {\n  login,\n  registerUser,\n  getallUser,\n  updateUser,\n  getUserLogin,\n  validateToken,\n};\n"]},"_coverageSchema":"1a1c01bbd47fc00a2c39e90264f33305004495a9","hash":"ad9ddb4015cf50090200c6153d61b72dda7c40da"},"/home/claydson/Documentos/Projetos/Store.20/app/backend/src/utils/token.utils.ts":{"path":"/home/claydson/Documentos/Projetos/Store.20/app/backend/src/utils/token.utils.ts","statementMap":{"0":{"start":{"line":2,"column":22},"end":{"line":12,"column":3}},"1":{"start":{"line":3,"column":4},"end":{"line":3,"column":33}},"2":{"start":{"line":3,"column":26},"end":{"line":3,"column":33}},"3":{"start":{"line":4,"column":15},"end":{"line":4,"column":52}},"4":{"start":{"line":5,"column":4},"end":{"line":7,"column":5}},"5":{"start":{"line":6,"column":6},"end":{"line":6,"column":68}},"6":{"start":{"line":6,"column":51},"end":{"line":6,"column":63}},"7":{"start":{"line":8,"column":4},"end":{"line":8,"column":39}},"8":{"start":{"line":10,"column":4},"end":{"line":10,"column":33}},"9":{"start":{"line":10,"column":26},"end":{"line":10,"column":33}},"10":{"start":{"line":11,"column":4},"end":{"line":11,"column":17}},"11":{"start":{"line":13,"column":25},"end":{"line":17,"column":2}},"12":{"start":{"line":14,"column":4},"end":{"line":14,"column":72}},"13":{"start":{"line":16,"column":4},"end":{"line":16,"column":21}},"14":{"start":{"line":18,"column":19},"end":{"line":24,"column":1}},"15":{"start":{"line":19,"column":4},"end":{"line":19,"column":42}},"16":{"start":{"line":19,"column":31},"end":{"line":19,"column":42}},"17":{"start":{"line":20,"column":17},"end":{"line":20,"column":19}},"18":{"start":{"line":21,"column":4},"end":{"line":21,"column":141}},"19":{"start":{"line":21,"column":21},"end":{"line":21,"column":141}},"20":{"start":{"line":21,"column":40},"end":{"line":21,"column":141}},"21":{"start":{"line":21,"column":109},"end":{"line":21,"column":141}},"22":{"start":{"line":22,"column":4},"end":{"line":22,"column":36}},"23":{"start":{"line":23,"column":4},"end":{"line":23,"column":18}},"24":{"start":{"line":25,"column":0},"end":{"line":25,"column":62}},"25":{"start":{"line":26,"column":0},"end":{"line":26,"column":44}},"26":{"start":{"line":27,"column":12},"end":{"line":27,"column":49}},"27":{"start":{"line":28,"column":15},"end":{"line":28,"column":62}},"28":{"start":{"line":31,"column":4},"end":{"line":38,"column":5}},"29":{"start":{"line":32,"column":22},"end":{"line":32,"column":47}},"30":{"start":{"line":33,"column":8},"end":{"line":33,"column":21}},"31":{"start":{"line":36,"column":8},"end":{"line":36,"column":54}},"32":{"start":{"line":37,"column":8},"end":{"line":37,"column":20}},"33":{"start":{"line":40,"column":0},"end":{"line":40,"column":20}},"34":{"start":{"line":43,"column":4},"end":{"line":49,"column":5}},"35":{"start":{"line":44,"column":28},"end":{"line":44,"column":53}},"36":{"start":{"line":45,"column":8},"end":{"line":45,"column":27}},"37":{"start":{"line":48,"column":8},"end":{"line":48,"column":20}},"38":{"start":{"line":51,"column":0},"end":{"line":51,"column":34}}},"fnMap":{"0":{"name":"(anonymous_0)","decl":{"start":{"line":2,"column":74},"end":{"line":2,"column":75}},"loc":{"start":{"line":2,"column":96},"end":{"line":9,"column":1}},"line":2},"1":{"name":"(anonymous_1)","decl":{"start":{"line":6,"column":38},"end":{"line":6,"column":39}},"loc":{"start":{"line":6,"column":49},"end":{"line":6,"column":65}},"line":6},"2":{"name":"(anonymous_2)","decl":{"start":{"line":9,"column":6},"end":{"line":9,"column":7}},"loc":{"start":{"line":9,"column":28},"end":{"line":12,"column":1}},"line":9},"3":{"name":"(anonymous_3)","decl":{"start":{"line":13,"column":80},"end":{"line":13,"column":81}},"loc":{"start":{"line":13,"column":95},"end":{"line":15,"column":1}},"line":13},"4":{"name":"(anonymous_4)","decl":{"start":{"line":15,"column":5},"end":{"line":15,"column":6}},"loc":{"start":{"line":15,"column":20},"end":{"line":17,"column":1}},"line":15},"5":{"name":"(anonymous_5)","decl":{"start":{"line":18,"column":50},"end":{"line":18,"column":51}},"loc":{"start":{"line":18,"column":65},"end":{"line":24,"column":1}},"line":18},"6":{"name":"sign","decl":{"start":{"line":30,"column":9},"end":{"line":30,"column":13}},"loc":{"start":{"line":30,"column":23},"end":{"line":39,"column":1}},"line":30},"7":{"name":"verifyToken","decl":{"start":{"line":42,"column":9},"end":{"line":42,"column":20}},"loc":{"start":{"line":42,"column":28},"end":{"line":50,"column":1}},"line":42}},"branchMap":{"0":{"loc":{"start":{"line":2,"column":22},"end":{"line":12,"column":3}},"type":"binary-expr","locations":[{"start":{"line":2,"column":23},"end":{"line":2,"column":27}},{"start":{"line":2,"column":31},"end":{"line":2,"column":51}},{"start":{"line":2,"column":57},"end":{"line":12,"column":2}}],"line":2},"1":{"loc":{"start":{"line":2,"column":57},"end":{"line":12,"column":2}},"type":"cond-expr","locations":[{"start":{"line":2,"column":74},"end":{"line":9,"column":1}},{"start":{"line":9,"column":6},"end":{"line":12,"column":1}}],"line":2},"2":{"loc":{"start":{"line":3,"column":4},"end":{"line":3,"column":33}},"type":"if","locations":[{"start":{"line":3,"column":4},"end":{"line":3,"column":33}},{"start":{"line":3,"column":4},"end":{"line":3,"column":33}}],"line":3},"3":{"loc":{"start":{"line":5,"column":4},"end":{"line":7,"column":5}},"type":"if","locations":[{"start":{"line":5,"column":4},"end":{"line":7,"column":5}},{"start":{"line":5,"column":4},"end":{"line":7,"column":5}}],"line":5},"4":{"loc":{"start":{"line":5,"column":8},"end":{"line":5,"column":85}},"type":"binary-expr","locations":[{"start":{"line":5,"column":8},"end":{"line":5,"column":13}},{"start":{"line":5,"column":18},"end":{"line":5,"column":84}}],"line":5},"5":{"loc":{"start":{"line":5,"column":18},"end":{"line":5,"column":84}},"type":"cond-expr","locations":[{"start":{"line":5,"column":34},"end":{"line":5,"column":47}},{"start":{"line":5,"column":50},"end":{"line":5,"column":84}}],"line":5},"6":{"loc":{"start":{"line":5,"column":50},"end":{"line":5,"column":84}},"type":"binary-expr","locations":[{"start":{"line":5,"column":50},"end":{"line":5,"column":63}},{"start":{"line":5,"column":67},"end":{"line":5,"column":84}}],"line":5},"7":{"loc":{"start":{"line":10,"column":4},"end":{"line":10,"column":33}},"type":"if","locations":[{"start":{"line":10,"column":4},"end":{"line":10,"column":33}},{"start":{"line":10,"column":4},"end":{"line":10,"column":33}}],"line":10},"8":{"loc":{"start":{"line":13,"column":25},"end":{"line":17,"column":2}},"type":"binary-expr","locations":[{"start":{"line":13,"column":26},"end":{"line":13,"column":30}},{"start":{"line":13,"column":34},"end":{"line":13,"column":57}},{"start":{"line":13,"column":63},"end":{"line":17,"column":1}}],"line":13},"9":{"loc":{"start":{"line":13,"column":63},"end":{"line":17,"column":1}},"type":"cond-expr","locations":[{"start":{"line":13,"column":80},"end":{"line":15,"column":1}},{"start":{"line":15,"column":5},"end":{"line":17,"column":1}}],"line":13},"10":{"loc":{"start":{"line":18,"column":19},"end":{"line":24,"column":1}},"type":"binary-expr","locations":[{"start":{"line":18,"column":20},"end":{"line":18,"column":24}},{"start":{"line":18,"column":28},"end":{"line":18,"column":45}},{"start":{"line":18,"column":50},"end":{"line":24,"column":1}}],"line":18},"11":{"loc":{"start":{"line":19,"column":4},"end":{"line":19,"column":42}},"type":"if","locations":[{"start":{"line":19,"column":4},"end":{"line":19,"column":42}},{"start":{"line":19,"column":4},"end":{"line":19,"column":42}}],"line":19},"12":{"loc":{"start":{"line":19,"column":8},"end":{"line":19,"column":29}},"type":"binary-expr","locations":[{"start":{"line":19,"column":8},"end":{"line":19,"column":11}},{"start":{"line":19,"column":15},"end":{"line":19,"column":29}}],"line":19},"13":{"loc":{"start":{"line":21,"column":4},"end":{"line":21,"column":141}},"type":"if","locations":[{"start":{"line":21,"column":4},"end":{"line":21,"column":141}},{"start":{"line":21,"column":4},"end":{"line":21,"column":141}}],"line":21},"14":{"loc":{"start":{"line":21,"column":40},"end":{"line":21,"column":141}},"type":"if","locations":[{"start":{"line":21,"column":40},"end":{"line":21,"column":141}},{"start":{"line":21,"column":40},"end":{"line":21,"column":141}}],"line":21},"15":{"loc":{"start":{"line":21,"column":44},"end":{"line":21,"column":107}},"type":"binary-expr","locations":[{"start":{"line":21,"column":44},"end":{"line":21,"column":59}},{"start":{"line":21,"column":63},"end":{"line":21,"column":107}}],"line":21},"16":{"loc":{"start":{"line":28,"column":15},"end":{"line":28,"column":62}},"type":"binary-expr","locations":[{"start":{"line":28,"column":15},"end":{"line":28,"column":37}},{"start":{"line":28,"column":41},"end":{"line":28,"column":62}}],"line":28}},"s":{"0":1,"1":6,"2":6,"3":6,"4":6,"5":6,"6":2,"7":6,"8":0,"9":0,"10":0,"11":1,"12":1,"13":0,"14":1,"15":1,"16":0,"17":1,"18":1,"19":1,"20":6,"21":6,"22":1,"23":1,"24":1,"25":1,"26":1,"27":1,"28":2,"29":2,"30":2,"31":0,"32":0,"33":1,"34":0,"35":0,"36":0,"37":0,"38":1},"f":{"0":6,"1":2,"2":0,"3":1,"4":0,"5":1,"6":2,"7":0},"b":{"0":[1,1,1],"1":[1,0],"2":[6,0],"3":[6,0],"4":[6,6],"5":[0,6],"6":[6,0],"7":[0,0],"8":[1,1,1],"9":[1,0],"10":[1,1,1],"11":[0,1],"12":[1,1],"13":[1,0],"14":[6,0],"15":[6,6],"16":[1,1]},"inputSourceMap":{"version":3,"file":"/home/claydson/Documentos/Projetos/Store.20/app/backend/src/utils/token.utils.ts","sources":["/home/claydson/Documentos/Projetos/Store.20/app/backend/src/utils/token.utils.ts"],"names":[],"mappings":";;;;;;;;;;;;;;;;;;;;;;;;;;AAAA,kDAAoC;AAEpC,MAAM,MAAM,GAAG,OAAO,CAAC,GAAG,CAAC,UAAU,IAAI,qBAAqB,CAAC;AAQ/D,gBAAgB;AAChB,SAAS,IAAI,CAAC,OAAqB;IACjC,IAAI;QACF,MAAM,KAAK,GAAG,GAAG,CAAC,IAAI,CAAC,OAAO,EAAE,MAAM,CAAC,CAAC;QACxC,OAAO,KAAK,CAAC;KACd;IAAC,OAAO,IAAI,EAAE;QACb,OAAO,CAAC,GAAG,CAAC,0BAA0B,EAAE,IAAI,CAAC,CAAC;QAC9C,OAAO,IAAI,CAAC;KACb;AACH,CAAC;AAcQ,oBAAI;AAZb,kBAAkB;AAClB,SAAS,WAAW,CAAC,KAAa;IAChC,IAAI;QACF,MAAM,WAAW,GAAG,GAAG,CAAC,MAAM,CAAC,KAAK,EAAE,MAAM,CAAiB,CAAC;QAC9D,OAAO,WAAW,CAAC;KACpB;IAAC,OAAO,GAAG,EAAE;QACZ,OAAO,IAAI,CAAC;KACb;AACH,CAAC;AAIc,kCAAW","sourcesContent":["import * as jwt from 'jsonwebtoken';\n\nconst secret = process.env.JWT_SECRET || 'vingador mais forte';\n\ntype TokenPayload = {\n  id:number;\n  email: string;\n  role: string;\n};\n\n// criando token\nfunction sign(payload: TokenPayload): string | null {\n  try {\n    const token = jwt.sign(payload, secret);\n    return token;\n  } catch (erro) {\n    console.log('Erro na geracao do token', erro);\n    return null;\n  }\n}\n\n// validando token\nfunction verifyToken(token: string): TokenPayload | null {\n  try {\n    const tokenVerify = jwt.verify(token, secret) as TokenPayload;\n    return tokenVerify;\n  } catch (err) {\n    return null;\n  }\n}\n\n\n\nexport { sign, verifyToken };\n"]},"_coverageSchema":"1a1c01bbd47fc00a2c39e90264f33305004495a9","hash":"fdf348ef0960885b5df42c0da9aab289694af6ee"},"/home/claydson/Documentos/Projetos/Store.20/app/backend/src/middleware/erroLogin,middleware.ts":{"path":"/home/claydson/Documentos/Projetos/Store.20/app/backend/src/middleware/erroLogin,middleware.ts","statementMap":{"0":{"start":{"line":2,"column":22},"end":{"line":4,"column":1}},"1":{"start":{"line":3,"column":4},"end":{"line":3,"column":62}},"2":{"start":{"line":5,"column":0},"end":{"line":5,"column":62}},"3":{"start":{"line":6,"column":0},"end":{"line":6,"column":52}},"4":{"start":{"line":7,"column":22},"end":{"line":7,"column":80}},"5":{"start":{"line":8,"column":18},"end":{"line":14,"column":1}},"6":{"start":{"line":9,"column":32},"end":{"line":9,"column":40}},"7":{"start":{"line":10,"column":4},"end":{"line":12,"column":5}},"8":{"start":{"line":11,"column":8},"end":{"line":11,"column":84}},"9":{"start":{"line":13,"column":4},"end":{"line":13,"column":11}},"10":{"start":{"line":15,"column":0},"end":{"line":15,"column":30}},"11":{"start":{"line":16,"column":23},"end":{"line":28,"column":1}},"12":{"start":{"line":17,"column":48},"end":{"line":17,"column":56}},"13":{"start":{"line":18,"column":4},"end":{"line":20,"column":5}},"14":{"start":{"line":19,"column":8},"end":{"line":19,"column":78}},"15":{"start":{"line":21,"column":21},"end":{"line":21,"column":42}},"16":{"start":{"line":22,"column":22},"end":{"line":22,"column":79}},"17":{"start":{"line":23,"column":22},"end":{"line":23,"column":82}},"18":{"start":{"line":24,"column":4},"end":{"line":26,"column":5}},"19":{"start":{"line":25,"column":8},"end":{"line":25,"column":78}},"20":{"start":{"line":27,"column":4},"end":{"line":27,"column":11}},"21":{"start":{"line":29,"column":0},"end":{"line":29,"column":40}}},"fnMap":{"0":{"name":"(anonymous_0)","decl":{"start":{"line":2,"column":56},"end":{"line":2,"column":57}},"loc":{"start":{"line":2,"column":71},"end":{"line":4,"column":1}},"line":2},"1":{"name":"(anonymous_1)","decl":{"start":{"line":8,"column":18},"end":{"line":8,"column":19}},"loc":{"start":{"line":8,"column":38},"end":{"line":14,"column":1}},"line":8},"2":{"name":"(anonymous_2)","decl":{"start":{"line":16,"column":23},"end":{"line":16,"column":24}},"loc":{"start":{"line":16,"column":49},"end":{"line":28,"column":1}},"line":16}},"branchMap":{"0":{"loc":{"start":{"line":2,"column":22},"end":{"line":4,"column":1}},"type":"binary-expr","locations":[{"start":{"line":2,"column":23},"end":{"line":2,"column":27}},{"start":{"line":2,"column":31},"end":{"line":2,"column":51}},{"start":{"line":2,"column":56},"end":{"line":4,"column":1}}],"line":2},"1":{"loc":{"start":{"line":3,"column":11},"end":{"line":3,"column":61}},"type":"cond-expr","locations":[{"start":{"line":3,"column":37},"end":{"line":3,"column":40}},{"start":{"line":3,"column":43},"end":{"line":3,"column":61}}],"line":3},"2":{"loc":{"start":{"line":3,"column":12},"end":{"line":3,"column":33}},"type":"binary-expr","locations":[{"start":{"line":3,"column":12},"end":{"line":3,"column":15}},{"start":{"line":3,"column":19},"end":{"line":3,"column":33}}],"line":3},"3":{"loc":{"start":{"line":10,"column":4},"end":{"line":12,"column":5}},"type":"if","locations":[{"start":{"line":10,"column":4},"end":{"line":12,"column":5}},{"start":{"line":10,"column":4},"end":{"line":12,"column":5}}],"line":10},"4":{"loc":{"start":{"line":10,"column":8},"end":{"line":10,"column":27}},"type":"binary-expr","locations":[{"start":{"line":10,"column":8},"end":{"line":10,"column":14}},{"start":{"line":10,"column":18},"end":{"line":10,"column":27}}],"line":10},"5":{"loc":{"start":{"line":18,"column":4},"end":{"line":20,"column":5}},"type":"if","locations":[{"start":{"line":18,"column":4},"end":{"line":20,"column":5}},{"start":{"line":18,"column":4},"end":{"line":20,"column":5}}],"line":18},"6":{"loc":{"start":{"line":18,"column":8},"end":{"line":18,"column":49}},"type":"binary-expr","locations":[{"start":{"line":18,"column":8},"end":{"line":18,"column":14}},{"start":{"line":18,"column":18},"end":{"line":18,"column":23}},{"start":{"line":18,"column":27},"end":{"line":18,"column":36}},{"start":{"line":18,"column":40},"end":{"line":18,"column":49}}],"line":18},"7":{"loc":{"start":{"line":24,"column":4},"end":{"line":26,"column":5}},"type":"if","locations":[{"start":{"line":24,"column":4},"end":{"line":26,"column":5}},{"start":{"line":24,"column":4},"end":{"line":26,"column":5}}],"line":24},"8":{"loc":{"start":{"line":24,"column":8},"end":{"line":24,"column":30}},"type":"binary-expr","locations":[{"start":{"line":24,"column":8},"end":{"line":24,"column":17}},{"start":{"line":24,"column":21},"end":{"line":24,"column":30}}],"line":24}},"s":{"0":1,"1":1,"2":1,"3":1,"4":1,"5":1,"6":5,"7":5,"8":2,"9":3,"10":1,"11":1,"12":0,"13":0,"14":0,"15":0,"16":0,"17":0,"18":0,"19":0,"20":0,"21":1},"f":{"0":1,"1":5,"2":0},"b":{"0":[1,1,1],"1":[1,0],"2":[1,1],"3":[2,3],"4":[5,4],"5":[0,0],"6":[0,0,0,0],"7":[0,0],"8":[0,0]},"inputSourceMap":{"version":3,"file":"/home/claydson/Documentos/Projetos/Store.20/app/backend/src/middleware/erroLogin,middleware.ts","sources":["/home/claydson/Documentos/Projetos/Store.20/app/backend/src/middleware/erroLogin,middleware.ts"],"names":[],"mappings":";;;;;;AACA,iFAAmD;AAEnD,MAAM,SAAS,GAAG,CAAC,GAAY,EAAE,GAAa,EAAE,IAAkB,EAAE,EAAE;IACpE,MAAM,EAAE,KAAK,EAAE,QAAQ,EAAE,GAAG,GAAG,CAAC,IAAI,CAAC;IACrC,IAAI,CAAC,KAAK,IAAI,CAAC,QAAQ,EAAE;QACvB,OAAO,GAAG,CAAC,MAAM,CAAC,GAAG,CAAC,CAAC,IAAI,CAAC,EAAE,OAAO,EAAE,iCAAiC,EAAE,CAAC,CAAC;KAC7E;IACD,IAAI,EAAE,CAAC;AACT,CAAC,CAAC;AAsBO,8BAAS;AApBlB,MAAM,cAAc,GAAG,KAAK,EAC1B,GAAY,EACZ,GAAa,EACb,IAAkB,EAClB,EAAE;IACF,MAAM,EAAE,KAAK,EAAE,IAAI,EAAE,QAAQ,EAAE,QAAQ,EAAE,GAAG,GAAG,CAAC,IAAI,CAAC;IAErD,IAAI,CAAC,KAAK,IAAI,CAAC,IAAI,IAAI,CAAC,QAAQ,IAAI,CAAC,QAAQ,EAAE;QAC7C,OAAO,GAAG,CAAC,MAAM,CAAC,GAAG,CAAC,CAAC,IAAI,CAAC,EAAC,OAAO,EAAE,2BAA2B,EAAC,CAAC,CAAC;KACrE;IAED,MAAM,QAAQ,GAAG,GAAG,IAAI,IAAI,QAAQ,EAAE,CAAC;IACvC,MAAM,SAAS,GAAG,MAAM,qBAAK,CAAC,OAAO,CAAC,EAAE,KAAK,EAAE,EAAE,KAAK,EAAE,EAAE,CAAC,CAAC;IAC5D,MAAM,SAAS,GAAG,MAAM,qBAAK,CAAC,OAAO,CAAC,EAAE,KAAK,EAAE,EAAE,QAAQ,EAAE,EAAE,CAAC,CAAC;IAC/D,IAAI,SAAS,IAAI,SAAS,EAAE;QAC1B,OAAO,GAAG,CAAC,MAAM,CAAC,GAAG,CAAC,CAAC,IAAI,CAAC,EAAE,OAAO,EAAE,2BAA2B,EAAE,CAAC,CAAC;KACvE;IACD,IAAI,EAAE,CAAC;AACT,CAAC,CAAC;AAEkB,wCAAc","sourcesContent":["import { NextFunction, Request, Response } from \"express\";\nimport Users from \"../database/models/User.models\";\n\nconst erroLogin = (req: Request, res: Response, next: NextFunction) => {\n  const { email, password } = req.body;\n  if (!email || !password) {\n    return res.status(401).json({ message: \"Email and Password are required\" });\n  }\n  next();\n};\n\nconst erroCreateUser = async (\n  req: Request,\n  res: Response,\n  next: NextFunction\n) => {\n  const { email, name, lastname, password } = req.body;\n  \n  if (!email || !name || !lastname || !password) {\n    return res.status(400).json({message: \"All fields are necessary.\"});\n  }\n  \n  const username = `${name} ${lastname}`;\n  const userEmail = await Users.findOne({ where: { email } });\n  const usernames = await Users.findOne({ where: { username } });\n  if (usernames || userEmail) {\n    return res.status(409).json({ message: \"This User already exists.\" });\n  }\n  next();\n};\n\nexport { erroLogin, erroCreateUser };\n"]},"_coverageSchema":"1a1c01bbd47fc00a2c39e90264f33305004495a9","hash":"73335a0c5770db87826ab5fe08209ec3a1f1b815"},"/home/claydson/Documentos/Projetos/Store.20/app/backend/src/router/product.router.ts":{"path":"/home/claydson/Documentos/Projetos/Store.20/app/backend/src/router/product.router.ts","statementMap":{"0":{"start":{"line":2,"column":0},"end":{"line":2,"column":62}},"1":{"start":{"line":3,"column":18},"end":{"line":3,"column":36}},"2":{"start":{"line":4,"column":30},"end":{"line":4,"column":75}},"3":{"start":{"line":5,"column":23},"end":{"line":5,"column":46}},"4":{"start":{"line":6,"column":0},"end":{"line":6,"column":66}},"5":{"start":{"line":7,"column":0},"end":{"line":7,"column":70}},"6":{"start":{"line":8,"column":0},"end":{"line":8,"column":69}},"7":{"start":{"line":9,"column":0},"end":{"line":9,"column":64}},"8":{"start":{"line":10,"column":0},"end":{"line":10,"column":33}}},"fnMap":{},"branchMap":{},"s":{"0":1,"1":1,"2":1,"3":1,"4":1,"5":1,"6":1,"7":1,"8":1},"f":{},"b":{},"inputSourceMap":{"version":3,"file":"/home/claydson/Documentos/Projetos/Store.20/app/backend/src/router/product.router.ts","sources":["/home/claydson/Documentos/Projetos/Store.20/app/backend/src/router/product.router.ts"],"names":[],"mappings":";;AAAA,qCAAiC;AACjC,4EAK4C;AAE5C,MAAM,cAAc,GAAG,IAAA,gBAAM,GAAE,CAAC;AAEhC,cAAc,CAAC,GAAG,CAAC,UAAU,EAAE,iCAAW,CAAC,CAAC;AAC5C,cAAc,CAAC,GAAG,CAAC,cAAc,EAAE,iCAAW,CAAC,CAAC;AAChD,cAAc,CAAC,IAAI,CAAC,UAAU,EAAE,mCAAa,CAAC,CAAC;AAC/C,cAAc,CAAC,GAAG,CAAC,UAAU,EAAE,+BAAS,CAAC,CAAC;AAE1C,kBAAe,cAAc,CAAC","sourcesContent":["import { Router } from \"express\";\nimport {\n  AllProducts,\n  createProduct,\n  upProduct,\n  ProductById,\n} from \"../controllers/Prodcuts.controller\";\n\nconst ProductsRouter = Router();\n\nProductsRouter.get(\"/product\", AllProducts);\nProductsRouter.get(\"/product/:id\", ProductById);\nProductsRouter.post(\"/product\", createProduct);\nProductsRouter.put(\"/product\", upProduct);\n\nexport default ProductsRouter;\n"]},"_coverageSchema":"1a1c01bbd47fc00a2c39e90264f33305004495a9","hash":"a7dbafcba3d21c131854b640098b01dfc26ae217"},"/home/claydson/Documentos/Projetos/Store.20/app/backend/src/controllers/Prodcuts.controller.ts":{"path":"/home/claydson/Documentos/Projetos/Store.20/app/backend/src/controllers/Prodcuts.controller.ts","statementMap":{"0":{"start":{"line":2,"column":22},"end":{"line":4,"column":1}},"1":{"start":{"line":3,"column":4},"end":{"line":3,"column":62}},"2":{"start":{"line":5,"column":0},"end":{"line":5,"column":62}},"3":{"start":{"line":6,"column":0},"end":{"line":6,"column":95}},"4":{"start":{"line":7,"column":28},"end":{"line":7,"column":85}},"5":{"start":{"line":8,"column":20},"end":{"line":11,"column":1}},"6":{"start":{"line":9,"column":21},"end":{"line":9,"column":71}},"7":{"start":{"line":10,"column":4},"end":{"line":10,"column":52}},"8":{"start":{"line":12,"column":0},"end":{"line":12,"column":34}},"9":{"start":{"line":13,"column":20},"end":{"line":17,"column":1}},"10":{"start":{"line":14,"column":19},"end":{"line":14,"column":29}},"11":{"start":{"line":15,"column":31},"end":{"line":15,"column":96}},"12":{"start":{"line":16,"column":4},"end":{"line":16,"column":72}},"13":{"start":{"line":18,"column":0},"end":{"line":18,"column":34}},"14":{"start":{"line":19,"column":22},"end":{"line":35,"column":1}},"15":{"start":{"line":20,"column":121},"end":{"line":20,"column":129}},"16":{"start":{"line":21,"column":22},"end":{"line":33,"column":6}},"17":{"start":{"line":34,"column":4},"end":{"line":34,"column":36}},"18":{"start":{"line":36,"column":0},"end":{"line":36,"column":38}},"19":{"start":{"line":37,"column":18},"end":{"line":43,"column":1}},"20":{"start":{"line":38,"column":19},"end":{"line":38,"column":29}},"21":{"start":{"line":39,"column":26},"end":{"line":39,"column":38}},"22":{"start":{"line":40,"column":19},"end":{"line":40,"column":27}},"23":{"start":{"line":41,"column":23},"end":{"line":41,"column":93}},"24":{"start":{"line":42,"column":4},"end":{"line":42,"column":56}},"25":{"start":{"line":44,"column":0},"end":{"line":44,"column":30}}},"fnMap":{"0":{"name":"(anonymous_0)","decl":{"start":{"line":2,"column":56},"end":{"line":2,"column":57}},"loc":{"start":{"line":2,"column":71},"end":{"line":4,"column":1}},"line":2},"1":{"name":"(anonymous_1)","decl":{"start":{"line":8,"column":20},"end":{"line":8,"column":21}},"loc":{"start":{"line":8,"column":40},"end":{"line":11,"column":1}},"line":8},"2":{"name":"(anonymous_2)","decl":{"start":{"line":13,"column":20},"end":{"line":13,"column":21}},"loc":{"start":{"line":13,"column":40},"end":{"line":17,"column":1}},"line":13},"3":{"name":"(anonymous_3)","decl":{"start":{"line":19,"column":22},"end":{"line":19,"column":23}},"loc":{"start":{"line":19,"column":42},"end":{"line":35,"column":1}},"line":19},"4":{"name":"(anonymous_4)","decl":{"start":{"line":37,"column":18},"end":{"line":37,"column":19}},"loc":{"start":{"line":37,"column":38},"end":{"line":43,"column":1}},"line":37}},"branchMap":{"0":{"loc":{"start":{"line":2,"column":22},"end":{"line":4,"column":1}},"type":"binary-expr","locations":[{"start":{"line":2,"column":23},"end":{"line":2,"column":27}},{"start":{"line":2,"column":31},"end":{"line":2,"column":51}},{"start":{"line":2,"column":56},"end":{"line":4,"column":1}}],"line":2},"1":{"loc":{"start":{"line":3,"column":11},"end":{"line":3,"column":61}},"type":"cond-expr","locations":[{"start":{"line":3,"column":37},"end":{"line":3,"column":40}},{"start":{"line":3,"column":43},"end":{"line":3,"column":61}}],"line":3},"2":{"loc":{"start":{"line":3,"column":12},"end":{"line":3,"column":33}},"type":"binary-expr","locations":[{"start":{"line":3,"column":12},"end":{"line":3,"column":15}},{"start":{"line":3,"column":19},"end":{"line":3,"column":33}}],"line":3},"3":{"loc":{"start":{"line":26,"column":15},"end":{"line":26,"column":26}},"type":"binary-expr","locations":[{"start":{"line":26,"column":15},"end":{"line":26,"column":20}},{"start":{"line":26,"column":24},"end":{"line":26,"column":26}}],"line":26}},"s":{"0":1,"1":1,"2":1,"3":1,"4":1,"5":1,"6":1,"7":1,"8":1,"9":1,"10":0,"11":0,"12":0,"13":1,"14":1,"15":0,"16":0,"17":0,"18":1,"19":1,"20":0,"21":0,"22":0,"23":0,"24":0,"25":1},"f":{"0":1,"1":1,"2":0,"3":0,"4":0},"b":{"0":[1,1,1],"1":[1,0],"2":[1,1],"3":[0,0]},"inputSourceMap":{"version":3,"file":"/home/claydson/Documentos/Projetos/Store.20/app/backend/src/controllers/Prodcuts.controller.ts","sources":["/home/claydson/Documentos/Projetos/Store.20/app/backend/src/controllers/Prodcuts.controller.ts"],"names":[],"mappings":";;;;;;AACA,sFAA2D;AAE3D,MAAM,WAAW,GAAG,KAAK,EAAE,GAAY,EAAE,GAAa,EAAE,EAAE;IACxD,MAAM,QAAQ,GAAG,MAAM,2BAAc,CAAC,cAAc,EAAE,CAAC;IACvD,GAAG,CAAC,MAAM,CAAC,QAAQ,CAAC,MAAM,CAAC,CAAC,IAAI,CAAC,QAAQ,CAAC,IAAI,CAAC,CAAC;AAClD,CAAC,CAAC;AAiDO,kCAAW;AA/CpB,MAAM,WAAW,GAAG,KAAK,EAAE,GAAY,EAAE,GAAa,EAAE,EAAE;IACxD,MAAM,EAAE,EAAE,EAAE,GAAG,GAAG,CAAC,MAAM,CAAC;IAC1B,MAAM,kBAAkB,GAAG,MAAM,2BAAc,CAAC,mBAAmB,CACjE,MAAM,CAAC,EAAE,CAAC,CACX,CAAC;IACF,GAAG,CAAC,MAAM,CAAC,kBAAkB,CAAC,MAAM,CAAC,CAAC,IAAI,CAAC,kBAAkB,CAAC,IAAI,CAAC,CAAC;AACtE,CAAC,CAAC;AAyC8C,kCAAW;AAvC3D,MAAM,aAAa,GAAG,KAAK,EAAE,GAAY,EAAE,GAAa,EAAE,EAAE;IAC1D,MAAM,EACJ,WAAW,EACX,WAAW,EACX,KAAK,EACL,MAAM,EACN,KAAK,EACL,UAAU,EACV,MAAM,EACN,MAAM,EACN,MAAM,EACN,SAAS,EACT,QAAQ,GACT,GAAG,GAAG,CAAC,IAAI,CAAC;IAEb,MAAM,SAAS,GAAG,MAAM,2BAAc,CAAC,UAAU,CAAC;QAChD,WAAW;QACX,WAAW;QACX,KAAK;QACL,MAAM;QACN,KAAK,EAAE,KAAK,IAAI,EAAE;QAClB,UAAU;QACV,MAAM;QACN,MAAM;QACN,MAAM;QACN,SAAS;QACT,QAAQ;KACT,CAAC,CAAC;IACH,GAAG,CAAC,MAAM,CAAC,GAAG,CAAC,CAAC,IAAI,CAAC,SAAS,CAAC,CAAC;AAClC,CAAC,CAAC;AAUoB,sCAAa;AARnC,MAAM,SAAS,GAAG,KAAK,EAAE,GAAY,EAAE,GAAa,EAAE,EAAE;IACtD,MAAM,EAAE,EAAE,EAAE,GAAG,GAAG,CAAC,MAAM,CAAC;IAC1B,MAAM,aAAa,GAAG,QAAQ,CAAC,EAAE,CAAC,CAAC;IACnC,MAAM,MAAM,GAAG,GAAG,CAAC,IAAI,CAAC;IACxB,MAAM,UAAU,GAAG,MAAM,2BAAc,CAAC,aAAa,CAAC,aAAa,EAAE,MAAM,CAAC,CAAC;IAC7E,GAAG,CAAC,MAAM,CAAC,UAAU,CAAC,MAAM,CAAC,CAAC,IAAI,CAAC,UAAU,CAAC,IAAI,CAAC,CAAC;AACtD,CAAC,CAAC;AAEmC,8BAAS","sourcesContent":["import { Request, Response } from \"express\";\nimport productService from \"../services/Products.services\";\n\nconst AllProducts = async (req: Request, res: Response) => {\n  const products = await productService.getAllProducts();\n  res.status(products.status).json(products.data);\n};\n\nconst ProductById = async (req: Request, res: Response) => {\n  const { id } = req.params;\n  const restultProductById = await productService.ProductByIdServices(\n    Number(id)\n  );\n  res.status(restultProductById.status).json(restultProductById.data);\n};\n\nconst createProduct = async (req: Request, res: Response) => {\n  const {\n    productName,\n    description,\n    price,\n    gender,\n    promo,\n    categories,\n    brands,\n    colors,\n    images,\n    thumbnail,\n    quantity,\n  } = req.body;\n\n  const productId = await productService.addProduct({\n    productName,\n    description,\n    price,\n    gender,\n    promo: promo || \"\",\n    categories,\n    brands,\n    colors,\n    images,\n    thumbnail,\n    quantity,\n  });\n  res.status(201).json(productId);\n};\n\nconst upProduct = async (req: Request, res: Response) => {\n  const { id } = req.params;\n  const convertNumbet = parseInt(id);\n  const Update = req.body;\n  const getRestult = await productService.updateProduct(convertNumbet, Update);\n  res.status(getRestult.status).json(getRestult.data);\n};\n\nexport { AllProducts, createProduct, upProduct, ProductById };\n"]},"_coverageSchema":"1a1c01bbd47fc00a2c39e90264f33305004495a9","hash":"8fe5a661b7cc1539c1f6e8075df52c561b145ce3"},"/home/claydson/Documentos/Projetos/Store.20/app/backend/src/services/Products.services.ts":{"path":"/home/claydson/Documentos/Projetos/Store.20/app/backend/src/services/Products.services.ts","statementMap":{"0":{"start":{"line":2,"column":22},"end":{"line":4,"column":1}},"1":{"start":{"line":3,"column":4},"end":{"line":3,"column":62}},"2":{"start":{"line":5,"column":0},"end":{"line":5,"column":62}},"3":{"start":{"line":6,"column":26},"end":{"line":6,"column":88}},"4":{"start":{"line":7,"column":27},"end":{"line":7,"column":90}},"5":{"start":{"line":8,"column":24},"end":{"line":8,"column":84}},"6":{"start":{"line":9,"column":23},"end":{"line":9,"column":82}},"7":{"start":{"line":10,"column":23},"end":{"line":43,"column":1}},"8":{"start":{"line":11,"column":24},"end":{"line":32,"column":6}},"9":{"start":{"line":33,"column":30},"end":{"line":41,"column":6}},"10":{"start":{"line":35,"column":8},"end":{"line":40,"column":11}},"11":{"start":{"line":42,"column":4},"end":{"line":42,"column":52}},"12":{"start":{"line":44,"column":28},"end":{"line":81,"column":1}},"13":{"start":{"line":45,"column":4},"end":{"line":47,"column":5}},"14":{"start":{"line":46,"column":8},"end":{"line":46,"column":58}},"15":{"start":{"line":48,"column":23},"end":{"line":69,"column":6}},"16":{"start":{"line":70,"column":4},"end":{"line":72,"column":5}},"17":{"start":{"line":71,"column":8},"end":{"line":71,"column":63}},"18":{"start":{"line":73,"column":49},"end":{"line":73,"column":68}},"19":{"start":{"line":74,"column":17},"end":{"line":79,"column":5}},"20":{"start":{"line":80,"column":4},"end":{"line":80,"column":39}},"21":{"start":{"line":82,"column":19},"end":{"line":123,"column":1}},"22":{"start":{"line":83,"column":28},"end":{"line":85,"column":6}},"23":{"start":{"line":86,"column":4},"end":{"line":88,"column":5}},"24":{"start":{"line":87,"column":8},"end":{"line":87,"column":74}},"25":{"start":{"line":89,"column":19},"end":{"line":91,"column":6}},"26":{"start":{"line":92,"column":4},"end":{"line":96,"column":5}},"27":{"start":{"line":93,"column":8},"end":{"line":95,"column":11}},"28":{"start":{"line":97,"column":16},"end":{"line":97,"column":93}},"29":{"start":{"line":98,"column":4},"end":{"line":102,"column":5}},"30":{"start":{"line":99,"column":8},"end":{"line":101,"column":11}},"31":{"start":{"line":103,"column":14},"end":{"line":103,"column":90}},"32":{"start":{"line":104,"column":4},"end":{"line":108,"column":5}},"33":{"start":{"line":105,"column":8},"end":{"line":107,"column":11}},"34":{"start":{"line":109,"column":20},"end":{"line":121,"column":6}},"35":{"start":{"line":122,"column":4},"end":{"line":122,"column":42}},"36":{"start":{"line":124,"column":22},"end":{"line":143,"column":1}},"37":{"start":{"line":125,"column":20},"end":{"line":125,"column":64}},"38":{"start":{"line":126,"column":4},"end":{"line":126,"column":25}},"39":{"start":{"line":127,"column":4},"end":{"line":129,"column":5}},"40":{"start":{"line":128,"column":8},"end":{"line":128,"column":77}},"41":{"start":{"line":130,"column":4},"end":{"line":142,"column":5}},"42":{"start":{"line":131,"column":8},"end":{"line":131,"column":41}},"43":{"start":{"line":132,"column":8},"end":{"line":135,"column":10}},"44":{"start":{"line":138,"column":8},"end":{"line":141,"column":10}},"45":{"start":{"line":144,"column":0},"end":{"line":144,"column":85}}},"fnMap":{"0":{"name":"(anonymous_0)","decl":{"start":{"line":2,"column":56},"end":{"line":2,"column":57}},"loc":{"start":{"line":2,"col
[...]
start":{"line":32,"column":8},"end":{"line":32,"column":41}},"19":{"start":{"line":34,"column":19},"end":{"line":34,"column":26}},"20":{"start":{"line":35,"column":22},"end":{"line":39,"column":6}},"21":{"start":{"line":40,"column":4},"end":{"line":40,"column":44}},"22":{"start":{"line":42,"column":0},"end":{"line":42,"column":58}},"23":{"start":{"line":43,"column":22},"end":{"line":46,"column":1}},"24":{"start":{"line":44,"column":4},"end":{"line":44,"column":74}},"25":{"start":{"line":45,"column":4},"end":{"line":45,"column":63}},"26":{"start":{"line":47,"column":33},"end":{"line":66,"column":1}},"27":{"start":{"line":48,"column":20},"end":{"line":48,"column":89}},"28":{"start":{"line":49,"column":4},"end":{"line":51,"column":5}},"29":{"start":{"line":50,"column":8},"end":{"line":50,"column":73}},"30":{"start":{"line":52,"column":4},"end":{"line":55,"column":5}},"31":{"start":{"line":53,"column":8},"end":{"line":53,"column":33}},"32":{"start":{"line":54,"column":8},"end":{"line":54,"column":67}},"33":{"start":{"line":57,"column":4},"end":{"line":61,"column":5}},"34":{"start":{"line":58,"column":8},"end":{"line":60,"column":11}},"35":{"start":{"line":62,"column":4},"end":{"line":64,"column":7}},"36":{"start":{"line":65,"column":4},"end":{"line":65,"column":44}},"37":{"start":{"line":67,"column":0},"end":{"line":67,"column":60}}},"fnMap":{"0":{"name":"(anonymous_0)","decl":{"start":{"line":2,"column":56},"end":{"line":2,"column":57}},"loc":{"start":{"line":2,"column":71},"end":{"line":4,"column":1}},"line":2},"1":{"name":"(anonymous_1)","decl":{"start":{"line":10,"column":33},"end":{"line":10,"column":34}},"loc":{"start":{"line":10,"column":50},"end":{"line":27,"column":1}},"line":10},"2":{"name":"(anonymous_2)","decl":{"start":{"line":29,"column":32},"end":{"line":29,"column":33}},"loc":{"start":{"line":29,"column":70},"end":{"line":41,"column":1}},"line":29},"3":{"name":"(anonymous_3)","decl":{"start":{"line":43,"column":22},"end":{"line":43,"column":23}},"loc":{"start":{"line":43,"column":43},"end":{"line":46,"column":1}},"line":43},"4":{"name":"(anonymous_4)","decl":{"start":{"line":47,"column":33},"end":{"line":47,"column":34}},"loc":{"start":{"line":47,"column":72},"end":{"line":66,"column":1}},"line":47}},"branchMap":{"0":{"loc":{"start":{"line":2,"column":22},"end":{"line":4,"column":1}},"type":"binary-expr","locations":[{"start":{"line":2,"column":23},"end":{"line":2,"column":27}},{"start":{"line":2,"column":31},"end":{"line":2,"column":51}},{"start":{"line":2,"column":56},"end":{"line":4,"column":1}}],"line":2},"1":{"loc":{"start":{"line":3,"column":11},"end":{"line":3,"column":61}},"type":"cond-expr","locations":[{"start":{"line":3,"column":37},"end":{"line":3,"column":40}},{"start":{"line":3,"column":43},"end":{"line":3,"column":61}}],"line":3},"2":{"loc":{"start":{"line":3,"column":12},"end":{"line":3,"column":33}},"type":"binary-expr","locations":[{"start":{"line":3,"column":12},"end":{"line":3,"column":15}},{"start":{"line":3,"column":19},"end":{"line":3,"column":33}}],"line":3},"3":{"loc":{"start":{"line":12,"column":4},"end":{"line":14,"column":5}},"type":"if","locations":[{"start":{"line":12,"column":4},"end":{"line":14,"column":5}},{"start":{"line":12,"column":4},"end":{"line":14,"column":5}}],"line":12},"4":{"loc":{"start":{"line":31,"column":4},"end":{"line":33,"column":5}},"type":"if","locations":[{"start":{"line":31,"column":4},"end":{"line":33,"column":5}},{"start":{"line":31,"column":4},"end":{"line":33,"column":5}}],"line":31},"5":{"loc":{"start":{"line":49,"column":4},"end":{"line":51,"column":5}},"type":"if","locations":[{"start":{"line":49,"column":4},"end":{"line":51,"column":5}},{"start":{"line":49,"column":4},"end":{"line":51,"column":5}}],"line":49},"6":{"loc":{"start":{"line":52,"column":4},"end":{"line":55,"column":5}},"type":"if","locations":[{"start":{"line":52,"column":4},"end":{"line":55,"column":5}},{"start":{"line":52,"column":4},"end":{"line":55,"column":5}}],"line":52},"7":{"loc":{"start":{"line":52,"column":8},"end":{"line":52,"column":44}},"type":"binary-expr","locations":[{"start":{"line":52,"column":8},"end":{"line":52,"column":17}},{"start":{"line":52,"column":21},"end":{"line":52,"column":44}}],"line":52},"8":{"loc":{"start":{"line":57,"column":4},"end":{"line":61,"column":5}},"type":"if","locations":[{"start":{"line":57,"column":4},"end":{"line":61,"column":5}},{"start":{"line":57,"column":4},"end":{"line":61,"column":5}}],"line":57}},"s":{"0":1,"1":2,"2":1,"3":1,"4":1,"5":1,"6":1,"7":1,"8":0,"9":0,"10":0,"11":0,"12":0,"13":0,"14":1,"15":1,"16":0,"17":0,"18":0,"19":0,"20":0,"21":0,"22":1,"23":1,"24":0,"25":0,"26":1,"27":0,"28":0,"29":0,"30":0,"31":0,"32":0,"33":0,"34":0,"35":0,"36":0,"37":1},"f":{"0":2,"1":0,"2":0,"3":0,"4":0},"b":{"0":[1,1,1],"1":[2,0],"2":[2,2],"3":[0,0],"4":[0,0],"5":[0,0],"6":[0,0],"7":[0,0],"8":[0,0]},"inputSourceMap":{"version":3,"file":"/home/claydson/Documentos/Projetos/Store.20/app/backend/src/services/Carrinho.services.ts","sources":["/home/claydson/Documentos/Projetos/Store.20/app/backend/src/services/Carrinho.services.ts"],"names":[],"mappings":";;;;;;AAAA,iGAA8D;AAC9D,sDAAmD;AACnD,yFAA0D;AAG1D,MAAM,wBAAwB,GAAG,KAAK,EAAE,KAAa,EAAE,EAAE;IACvD,MAAM,OAAO,GAAG,IAAA,yBAAW,EAAC,KAAK,CAAC,CAAC;IACnC,IAAI,CAAC,OAAO,EAAE;QACZ,MAAM,IAAI,KAAK,CAAC,gBAAgB,CAAC,CAAC;KACnC;IACD,MAAM,EAAE,EAAE,EAAE,GAAG,OAAO,CAAC;IACvB,MAAM,QAAQ,GAAG,MAAM,6BAAQ,CAAC,OAAO,CAAC;QACtC,KAAK,EAAE,EAAE,MAAM,EAAE,EAAE,EAAE;QACrB,OAAO,EAAE;YACP;gBACE,KAAK,EAAE,yBAAQ;gBACf,EAAE,EAAE,SAAS;gBACb,UAAU,EAAE,CAAC,aAAa,EAAE,OAAO,EAAE,QAAQ,CAAC;aAC/C;SACF;KACF,CAAC,CAAC;IACH,OAAO,EAAE,MAAM,EAAE,GAAG,EAAE,IAAI,EAAE,QAAQ,EAAE,CAAC;AACzC,CAAC,CAAC;AA0DA,4DAAwB;AAxD1B,MAAM,uBAAuB,GAAG,KAAK,EACnC,KAAa,EACb,OAAe,EACf,UAAkB,EAClB,EAAE;IACF,MAAM,OAAO,GAAG,IAAA,yBAAW,EAAC,KAAK,CAAC,CAAC;IACnC,IAAI,CAAC,OAAO,EAAE;QACZ,MAAM,IAAI,KAAK,CAAC,eAAe,CAAC,CAAC;KAClC;IAED,MAAM,EAAE,EAAE,EAAE,GAAG,OAAO,CAAC;IACvB,MAAM,SAAS,GAAG,MAAM,6BAAQ,CAAC,MAAM,CAAC;QACtC,MAAM,EAAE,EAAE;QACV,SAAS,EAAE,OAAO;QAClB,UAAU;KACX,CAAC,CAAC;IAEH,OAAO,EAAE,MAAM,EAAE,GAAG,EAAE,IAAI,EAAE,SAAS,EAAE,CAAC;AAC1C,CAAC,CAAC;AAuCA,0DAAuB;AArCzB,MAAM,aAAa,GAAG,KAAK,EAAE,SAAiB,EAAE,EAAE;IAChD,MAAM,6BAAQ,CAAC,OAAO,CAAC,EAAE,KAAK,EAAE,EAAE,SAAS,EAAE,EAAE,CAAC,CAAC;IACjD,OAAO,EAAE,MAAM,EAAE,GAAG,EAAE,IAAI,EAAE,EAAE,OAAO,EAAE,eAAe,EAAE,EAAE,CAAC;AAC7D,CAAC,CAAC;AAEF,MAAM,wBAAwB,GAAG,KAAK,EACpC,SAAiB,EACjB,QAAiB,EACjB,MAAc,EACd,EAAE;IACF,MAAM,OAAO,GAAG,MAAM,6BAAQ,CAAC,OAAO,CAAC,EAAE,KAAK,EAAE,EAAE,SAAS,EAAE,EAAE,CAAC,CAAC;IAEjE,IAAI,CAAC,OAAO,EAAE;QACZ,OAAO,EAAE,MAAM,EAAE,GAAG,EAAE,IAAI,EAAE,EAAE,OAAO,EAAE,qBAAqB,EAAE,EAAE,CAAC;KAClE;IAED,IAAI,CAAC,QAAQ,IAAI,OAAO,CAAC,UAAU,IAAI,CAAC,EAAE;QACxC,aAAa,CAAC,SAAS,CAAC,CAAC;QACzB,OAAO,EAAE,MAAM,EAAE,GAAG,EAAE,IAAI,EAAE,EAAE,OAAO,EAAE,eAAe,EAAE,EAAE,CAAC;KAC5D;IAED,IAAI,SAAS,CAAC;IACd,IAAI,CAAC,QAAQ,EAAE;QACZ,SAAS,GAAG,MAAM,OAAO,CAAC,MAAM,CAAC;YAChC,UAAU,EAAE,OAAO,CAAC,UAAU,GAAG,MAAM;SACxC,CAAC,CAAC;KACJ;IACD,SAAS,GAAG,MAAM,OAAO,CAAC,MAAM,CAAC;QAC/B,UAAU,EAAE,OAAO,CAAC,UAAU,GAAG,MAAM;KACxC,CAAC,CAAC;IAGH,OAAO,EAAE,MAAM,EAAE,GAAG,EAAE,IAAI,EAAE,SAAS,EAAE,CAAC;AAC1C,CAAC,CAAC;AAKA,4DAAwB","sourcesContent":["import Carrinho from \"../database/models/ShoppingCart.models\";\nimport { verifyToken } from \"../utils/token.utils\";\nimport Products from \"../database/models/Produtos.models\";\nimport Users from \"../database/models/User.models\";\n\nconst getProductsInCartService = async (token: string) => {\n  const tokenId = verifyToken(token);\n  if (!tokenId) {\n    throw new Error(\"Token inválido\");\n  }\n  const { id } = tokenId;\n  const carrinho = await Carrinho.findAll({\n    where: { userId: id },\n    include: [\n      {\n        model: Products,\n        as: \"product\",\n        attributes: [\"productName\", \"price\", \"images\"],\n      },\n    ],\n  });\n  return { status: 200, data: carrinho };\n};\n\nconst addProductToCartService = async (\n  token: string,\n  product: number,\n  quantidade: number\n) => {\n  const tokenId = verifyToken(token);\n  if (!tokenId) {\n    throw new Error(\"Invalid token\");\n  }\n\n  const { id } = tokenId;\n  const createCar = await Carrinho.create({\n    userId: id,\n    idProduct: product,\n    quantidade,\n  });\n\n  return { status: 201, data: createCar };\n};\n\nconst removeItemCar = async (idProduct: number) => {\n  await Carrinho.destroy({ where: { idProduct } });\n  return { status: 201, data: { message: \"item removido\" } };\n};\n\nconst updatequantityProductCar = async (\n  idProduct: number,\n  operador: boolean,\n  number: number\n) => {\n  const carItem = await Carrinho.findOne({ where: { idProduct } });\n\n  if (!carItem) {\n    return { status: 201, data: { message: \"item não encontrado\" } };\n  }\n\n  if (!operador && carItem.quantidade <= 0) {\n    removeItemCar(idProduct);\n    return { status: 401, data: { message: \"Produto vazio\" } };\n  }\n\n  let updateCar;\n  if (!operador) {\n     updateCar = await carItem.update({\n      quantidade: carItem.quantidade - number,\n    });\n  }\n  updateCar = await carItem.update({\n    quantidade: carItem.quantidade + number,\n  });\n    \n\n  return { status: 201, data: updateCar };\n};\n\nexport {\n  getProductsInCartService,\n  addProductToCartService,\n  updatequantityProductCar,\n};\n"]},"_coverageSchema":"1a1c01bbd47fc00a2c39e90264f33305004495a9","hash":"0e1c13c7a82834490472a26ab97676ebe84e5360"},"/home/claydson/Documentos/Projetos/Store.20/app/backend/src/router/orders.router.ts":{"path":"/home/claydson/Documentos/Projetos/Store.20/app/backend/src/router/orders.router.ts","statementMap":{"0":{"start":{"line":2,"column":22},"end":{"line":4,"column":1}},"1":{"start":{"line":3,"column":4},"end":{"line":3,"column":62}},"2":{"start":{"line":5,"column":0},"end":{"line":5,"column":62}},"3":{"start":{"line":6,"column":18},"end":{"line":6,"column":36}},"4":{"start":{"line":7,"column":28},"end":{"line":7,"column":88}},"5":{"start":{"line":8,"column":21},"end":{"line":8,"column":44}},"6":{"start":{"line":9,"column":0},"end":{"line":9,"column":57}},"7":{"start":{"line":10,"column":0},"end":{"line":10,"column":31}}},"fnMap":{"0":{"name":"(anonymous_0)","decl":{"start":{"line":2,"column":56},"end":{"line":2,"column":57}},"loc":{"start":{"line":2,"column":71},"end":{"line":4,"column":1}},"line":2}},"branchMap":{"0":{"loc":{"start":{"line":2,"column":22},"end":{"line":4,"column":1}},"type":"binary-expr","locations":[{"start":{"line":2,"column":23},"end":{"line":2,"column":27}},{"start":{"line":2,"column":31},"end":{"line":2,"column":51}},{"start":{"line":2,"column":56},"end":{"line":4,"column":1}}],"line":2},"1":{"loc":{"start":{"line":3,"column":11},"end":{"line":3,"column":61}},"type":"cond-expr","locations":[{"start":{"line":3,"column":37},"end":{"line":3,"column":40}},{"start":{"line":3,"column":43},"end":{"line":3,"column":61}}],"line":3},"2":{"loc":{"start":{"line":3,"column":12},"end":{"line":3,"column":33}},"type":"binary-expr","locations":[{"start":{"line":3,"column":12},"end":{"line":3,"column":15}},{"start":{"line":3,"column":19},"end":{"line":3,"column":33}}],"line":3}},"s":{"0":1,"1":1,"2":1,"3":1,"4":1,"5":1,"6":1,"7":1},"f":{"0":1},"b":{"0":[1,1,1],"1":[1,0],"2":[1,1]},"inputSourceMap":{"version":3,"file":"/home/claydson/Documentos/Projetos/Store.20/app/backend/src/router/orders.router.ts","sources":["/home/claydson/Documentos/Projetos/Store.20/app/backend/src/router/orders.router.ts"],"names":[],"mappings":";;;;;AAAA,qCAAiC;AACjC,yFAA4D;AAG5D,MAAM,YAAY,GAAG,IAAA,gBAAM,GAAE,CAAC;AAC9B,YAAY,CAAC,GAAG,CAAC,SAAS,EAAE,2BAAY,CAAC,CAAA;AAGzC,kBAAe,YAAY,CAAC","sourcesContent":["import { Router } from \"express\";\nimport getAllOrders from '../controllers/Orders.controller';\n\n\nconst OrdersRouter = Router();\nOrdersRouter.get('/orders', getAllOrders)\n\n\nexport default OrdersRouter;\n"]},"_coverageSchema":"1a1c01bbd47fc00a2c39e90264f33305004495a9","hash":"01241761cb32d90e82581bf4891b335f3e88bc0e"},"/home/claydson/Documentos/Projetos/Store.20/app/backend/src/controllers/Orders.controller.ts":{"path":"/home/claydson/Documentos/Projetos/Store.20/app/backend/src/controllers/Orders.controller.ts","statementMap":{"0":{"start":{"line":2,"column":22},"end":{"line":4,"column":1}},"1":{"start":{"line":3,"column":4},"end":{"line":3,"column":62}},"2":{"start":{"line":5,"column":0},"end":{"line":5,"column":62}},"3":{"start":{"line":6,"column":26},"end":{"line":6,"column":81}},"4":{"start":{"line":7,"column":21},"end":{"line":16,"column":1}},"5":{"start":{"line":8,"column":32},"end":{"line":8,"column":56}},"6":{"start":{"line":9,"column":4},"end":{"line":11,"column":5}},"7":{"start":{"line":10,"column":8},"end":{"line":10,"column":68}},"8":{"start":{"line":12,"column":18},"end":{"line":12,"column":51}},"9":{"start":{"line":13,"column":25},"end":{"line":13,"column":68}},"10":{"start":{"line":14,"column":29},"end":{"line":14,"column":41}},"11":{"start":{"line":15,"column":4},"end":{"line":15,"column":41}},"12":{"start":{"line":17,"column":0},"end":{"line":17,"column":31}}},"fnMap":{"0":{"name":"(anonymous_0)","decl":{"start":{"line":2,"column":56},"end":{"line":2,"column":57}},"loc":{"start":{"line":2,"column":71},"end":{"line":4,"column":1}},"line":2},"1":{"name":"(anonymous_1)","decl":{"start":{"line":7,"column":21},"end":{"line":7,"column":22}},"loc":{"start":{"line":7,"column":41},"end":{"line":16,"column":1}},"line":7}},"branchMap":{"0":{"loc":{"start":{"line":2,"column":22},"end":{"line":4,"column":1}},"type":"binary-expr","locations":[{"start":{"line":2,"column":23},"end":{"line":2,"column":27}},{"start":{"line":2,"column":31},"end":{"line":2,"column":51}},{"start":{"line":2,"column":56},"end":{"line":4,"column":1}}],"line":2},"1":{"loc":{"start":{"line":3,"column":11},"end":{"line":3,"column":61}},"type":"cond-expr","locations":[{"start":{"line":3,"column":37},"end":{"line":3,"column":40}},{"start":{"line":3,"column":43},"end":{"line":3,"column":61}}],"line":3},"2":{"loc":{"start":{"line":3,"column":12},"end":{"line":3,"column":33}},"type":"binary-expr","locations":[{"start":{"line":3,"column":12},"end":{"line":3,"column":15}},{"start":{"line":3,"column":19},"end":{"line":3,"column":33}}],"line":3},"3":{"loc":{"start":{"line":9,"column":4},"end":{"line":11,"column":5}},"type":"if","locations":[{"start":{"line":9,"column":4},"end":{"line":11,"column":5}},{"start":{"line":9,"column":4},"end":{"line":11,"column":5}}],"line":9}},"s":{"0":1,"1":1,"2":1,"3":1,"4":1,"5":0,"6":0,"7":0,"8":0,"9":0,"10":0,"11":0,"12":1},"f":{"0":1,"1":0},"b":{"0":[1,1,1],"1":[1,0],"2":[1,1],"3":[0,0]},"inputSourceMap":{"version":3,"file":"/home/claydson/Documentos/Projetos/Store.20/app/backend/src/controllers/Orders.controller.ts","sources":["/home/claydson/Documentos/Projetos/Store.20/app/backend/src/controllers/Orders.controller.ts"],"names":[],"mappings":";;;;;AACA,kFAA8D;AAE9D,MAAM,YAAY,GAAG,KAAK,EAAE,GAAY,EAAE,GAAa,EAAE,EAAE;IACzD,MAAM,mBAAmB,GAAG,GAAG,CAAC,GAAG,CAAC,eAAe,CAAC,CAAC;IACrD,IAAI,CAAC,mBAAmB,EAAE;QACxB,OAAO,GAAG,CAAC,MAAM,CAAC,GAAG,CAAC,CAAC,IAAI,CAAC,EAAE,OAAO,EAAE,iBAAiB,EAAE,CAAC,CAAC;KAC7D;IACD,MAAM,KAAK,GAAG,mBAAmB,CAAC,KAAK,CAAC,GAAG,CAAC,CAAC,CAAC,CAAC,CAAC;IAChD,MAAM,YAAY,GAAG,MAAM,IAAA,yBAAmB,EAAC,KAAK,CAAC,CAAC;IACtD,MAAM,EAAE,MAAM,EAAE,IAAI,EAAE,GAAG,YAAY,CAAC;IACtC,OAAO,GAAG,CAAC,MAAM,CAAC,MAAM,CAAC,CAAC,IAAI,CAAC,IAAI,CAAC,CAAC;AACvC,CAAC,CAAC;AAEF,kBAAe,YAAY,CAAA","sourcesContent":["import { Request, Response } from 'express';\nimport getAllOrdersService from '../services/Orders.services';\n\nconst getAllOrders = async (req: Request, res: Response) => {\n  const authorizationHeader = req.get(\"Authorization\");\n  if (!authorizationHeader) {\n    return res.status(401).json({ message: \"Token not found\" });\n  }\n  const token = authorizationHeader.split(\" \")[1];\n  const resultOrders = await getAllOrdersService(token);\n  const { status, data } = resultOrders;\n  return res.status(status).json(data);\n};\n\nexport default getAllOrders"]},"_coverageSchema":"1a1c01bbd47fc00a2c39e90264f33305004495a9","hash":"07be4f66de0b31aab9e97ae54a366ad030b41b89"},"/home/claydson/Documentos/Projetos/Store.20/app/backend/src/services/Orders.services.ts":{"path":"/home/claydson/Documentos/Projetos/Store.20/app/backend/src/services/Orders.services.ts","statementMap":{"0":{"start":{"line":2,"column":22},"end":{"line":4,"column":1}},"1":{"start":{"line":3,"column":4},"end":{"line":3,"column":62}},"2":{"start":{"line":5,"column":0},"end":{"line":5,"column":62}},"3":{"start":{"line":6,"column":24},"end":{"line":6,"column":84}},"4":{"start":{"line":7,"column":22},"end":{"line":7,"column":53}},"5":{"start":{"line":8,"column":28},"end":{"line":16,"column":1}},"6":{"start":{"line":9,"column":20},"end":{"line":9,"column":57}},"7":{"start":{"line":10,"column":4},"end":{"line":12,"column":5}},"8":{"start":{"line":11,"column":8},"end":{"line":11,"column":54}},"9":{"start":{"line":13,"column":19},"end":{"line":13,"column":26}},"10":{"start":{"line":14,"column":23},"end":{"line":14,"column":79}},"11":{"start":{"line":15,"column":4},"end":{"line":15,"column":45}},"12":{"start":{"line":17,"column":0},"end":{"line":17,"column":38}}},"fnMap":{"0":{"name":"(anonymous_0)","decl":{"start":{"line":2,"column":56},"end":{"line":2,"column":57}},"loc":{"start":{"line":2,"column":71},"end":{"line":4,"column":1}},"line":2},"1":{"name":"(anonymous_1)","decl":{"start":{"line":8,"column":28},"end":{"line":8,"column":29}},"loc":{"start":{"line":8,"column":45},"end":{"line":16,"column":1}},"line":8}},"branchMap":{"0":{"loc":{"start":{"line":2,"column":22},"end":{"line":4,"column":1}},"type":"binary-expr","locations":[{"start":{"line":2,"column":23},"end":{"line":2,"column":27}},{"start":{"line":2,"column":31},"end":{"line":2,"column":51}},{"start":{"line":2,"column":56},"end":{"line":4,"column":1}}],"line":2},"1":{"loc":{"start":{"line":3,"column":11},"end":{"line":3,"column":61}},"type":"cond-expr","locations":[{"start":{"line":3,"column":37},"end":{"line":3,"column":40}},{"start":{"line":3,"column":43},"end":{"line":3,"column":61}}],"line":3},"2":{"loc":{"start":{"line":3,"column":12},"end":{"line":3,"column":33}},"type":"binary-expr","locations":[{"start":{"line":3,"column":12},"end":{"line":3,"column":15}},{"start":{"line":3,"column":19},"end":{"line":3,"column":33}}],"line":3},"3":{"loc":{"start":{"line":10,"column":4},"end":{"line":12,"column":5}},"type":"if","locations":[{"start":{"line":10,"column":4},"end":{"line":12,"column":5}},{"start":{"line":10,"column":4},"end":{"line":12,"column":5}}],"line":10}},"s":{"0":1,"1":1,"2":1,"3":1,"4":1,"5":1,"6":0,"7":0,"8":0,"9":0,"10":0,"11":0,"12":1},"f":{"0":1,"1":0},"b":{"0":[1,1,1],"1":[1,0],"2":[1,1],"3":[0,0]},"inputSourceMap":{"version":3,"file":"/home/claydson/Documentos/Projetos/Store.20/app/backend/src/services/Orders.services.ts","sources":["/home/claydson/Documentos/Projetos/Store.20/app/backend/src/services/Orders.services.ts"],"names":[],"mappings":";;;;;AAAA,qFAAsD;AACtD,sDAAmD;AAEnD,MAAM,mBAAmB,GAAG,KAAK,EAAE,KAAa,EAAE,EAAE;IAClD,MAAM,OAAO,GAAG,IAAA,yBAAW,EAAC,KAAK,CAAC,CAAC;IACnC,IAAI,CAAC,OAAO,EAAE;QACZ,OAAO,EAAE,MAAM,EAAE,GAAG,EAAE,IAAI,EAAE,eAAe,EAAE,CAAC;KAC/C;IACD,MAAM,EAAE,EAAE,EAAE,GAAG,OAAO,CAAC;IACvB,MAAM,UAAU,GAAG,MAAM,uBAAM,CAAC,OAAO,CAAC,EAAE,KAAK,EAAE,EAAE,EAAE,EAAE,EAAE,CAAC,CAAC;IAC3D,OAAO,EAAE,MAAM,EAAE,GAAG,EAAE,IAAI,EAAE,UAAU,EAAE,CAAC;AAC3C,CAAC,CAAC;AAEF,kBAAe,mBAAmB,CAAC","sourcesContent":["import Orders from \"../database/models/Orders.models\";\nimport { verifyToken } from \"../utils/token.utils\";\n\nconst getAllOrdersService = async (token: string) => {\n  const tokenId = verifyToken(token);\n  if (!tokenId) {\n    return { status: 401, data: \"Token invalid\" };\n  }\n  const { id } = tokenId;\n  const findOrders = await Orders.findAll({ where: { id } });\n  return { status: 200, data: findOrders };\n};\n\nexport default getAllOrdersService;\n"]},"_coverageSchema":"1a1c01bbd47fc00a2c39e90264f33305004495a9","hash":"413c1266315514efbeda4b3afb4b364a76623014"}}