{"/home/claydson/Documentos/Projetos/Store.20/app/backend/src/app.ts":{"path":"/home/claydson/Documentos/Projetos/Store.20/app/backend/src/app.ts","statementMap":{"0":{"start":{"line":11,"column":0},"end":{"line":11,"column":16}},"1":{"start":{"line":17,"column":4},"end":{"line":17,"column":25}},"2":{"start":{"line":19,"column":4},"end":{"line":19,"column":18}},"3":{"start":{"line":22,"column":4},"end":{"line":22,"column":60}},"4":{"start":{"line":22,"column":36},"end":{"line":22,"column":58}},"5":{"start":{"line":25,"column":4},"end":{"line":25,"column":29}},"6":{"start":{"line":28,"column":4},"end":{"line":28,"column":32}},"7":{"start":{"line":31,"column":4},"end":{"line":31,"column":32}},"8":{"start":{"line":34,"column":4},"end":{"line":34,"column":31}},"9":{"start":{"line":38,"column":4},"end":{"line":38,"column":34}},"10":{"start":{"line":42,"column":50},"end":{"line":50,"column":5}},"11":{"start":{"line":43,"column":6},"end":{"line":43,"column":53}},"12":{"start":{"line":44,"column":6},"end":{"line":47,"column":8}},"13":{"start":{"line":48,"column":6},"end":{"line":48,"column":54}},"14":{"start":{"line":49,"column":6},"end":{"line":49,"column":13}},"15":{"start":{"line":52,"column":4},"end":{"line":52,"column":33}},"16":{"start":{"line":53,"column":4},"end":{"line":53,"column":32}},"17":{"start":{"line":57,"column":4},"end":{"line":57,"column":72}},"18":{"start":{"line":57,"column":32},"end":{"line":57,"column":70}},"19":{"start":{"line":63,"column":23},"end":{"line":63,"column":32}}},"fnMap":{"0":{"name":"(anonymous_0)","decl":{"start":{"line":16,"column":2},"end":{"line":16,"column":3}},"loc":{"start":{"line":16,"column":16},"end":{"line":39,"column":3}},"line":16},"1":{"name":"(anonymous_1)","decl":{"start":{"line":22,"column":22},"end":{"line":22,"column":23}},"loc":{"start":{"line":22,"column":36},"end":{"line":22,"column":58}},"line":22},"2":{"name":"(anonymous_2)","decl":{"start":{"line":41,"column":2},"end":{"line":41,"column":3}},"loc":{"start":{"line":41,"column":25},"end":{"line":54,"column":3}},"line":41},"3":{"name":"(anonymous_3)","decl":{"start":{"line":42,"column":50},"end":{"line":42,"column":51}},"loc":{"start":{"line":42,"column":71},"end":{"line":50,"column":5}},"line":42},"4":{"name":"(anonymous_4)","decl":{"start":{"line":56,"column":2},"end":{"line":56,"column":3}},"loc":{"start":{"line":56,"column":44},"end":{"line":58,"column":3}},"line":56},"5":{"name":"(anonymous_5)","decl":{"start":{"line":57,"column":26},"end":{"line":57,"column":27}},"loc":{"start":{"line":57,"column":32},"end":{"line":57,"column":70}},"line":57}},"branchMap":{},"s":{"0":0,"1":0,"2":0,"3":0,"4":0,"5":0,"6":0,"7":0,"8":0,"9":0,"10":0,"11":0,"12":0,"13":0,"14":0,"15":0,"16":0,"17":0,"18":0,"19":0},"f":{"0":0,"1":0,"2":0,"3":0,"4":0,"5":0},"b":{},"all":true},"/home/claydson/Documentos/Projetos/Store.20/app/backend/src/controllers/Carrinho.controller.ts":{"path":"/home/claydson/Documentos/Projetos/Store.20/app/backend/src/controllers/Carrinho.controller.ts","statementMap":{"0":{"start":{"line":9,"column":27},"end":{"line":18,"column":1}},"1":{"start":{"line":10,"column":30},"end":{"line":10,"column":54}},"2":{"start":{"line":11,"column":2},"end":{"line":13,"column":3}},"3":{"start":{"line":12,"column":4},"end":{"line":12,"column":64}},"4":{"start":{"line":14,"column":16},"end":{"line":14,"column":49}},"5":{"start":{"line":15,"column":27},"end":{"line":15,"column":64}},"6":{"start":{"line":16,"column":27},"end":{"line":16,"column":43}},"7":{"start":{"line":17,"column":2},"end":{"line":17,"column":32}},"8":{"start":{"line":20,"column":25},"end":{"line":34,"column":1}},"9":{"start":{"line":21,"column":30},"end":{"line":21,"column":54}},"10":{"start":{"line":22,"column":2},"end":{"line":24,"column":3}},"11":{"start":{"line":23,"column":4},"end":{"line":23,"column":64}},"12":{"start":{"line":25,"column":16},"end":{"line":25,"column":49}},"13":{"start":{"line":26,"column":36},"end":{"line":26,"column":44}},"14":{"start":{"line":27,"column":27},"end":{"line":31,"column":3}},"15":{"start":{"line":32,"column":27},"end":{"line":32,"column":43}},"16":{"start":{"line":33,"column":2},"end":{"line":33,"column":32}},"17":{"start":{"line":36,"column":17},"end":{"line":51,"column":1}},"18":{"start":{"line":37,"column":41},"end":{"line":37,"column":49}},"19":{"start":{"line":38,"column":2},"end":{"line":44,"column":3}},"20":{"start":{"line":39,"column":4},"end":{"line":43,"column":9}},"21":{"start":{"line":45,"column":27},"end":{"line":49,"column":3}},"22":{"start":{"line":50,"column":2},"end":{"line":50,"column":39}}},"fnMap":{"0":{"name":"(anonymous_0)","decl":{"start":{"line":9,"column":27},"end":{"line":9,"column":28}},"loc":{"start":{"line":9,"column":66},"end":{"line":18,"column":1}},"line":9},"1":{"name":"(anonymous_1)","decl":{"start":{"line":20,"column":25},"end":{"line":20,"column":26}},"loc":{"start":{"line":20,"column":64},"end":{"line":34,"column":1}},"line":20},"2":{"name":"(anonymous_2)","decl":{"start":{"line":36,"column":17},"end":{"line":36,"column":18}},"loc":{"start":{"line":36,"column":56},"end":{"line":51,"column":1}},"line":36}},"branchMap":{"0":{"loc":{"start":{"line":11,"column":2},"end":{"line":13,"column":3}},"type":"if","locations":[{"start":{"line":11,"column":2},"end":{"line":13,"column":3}},{"start":{"line":11,"column":2},"end":{"line":13,"column":3}}],"line":11},"1":{"loc":{"start":{"line":22,"column":2},"end":{"line":24,"column":3}},"type":"if","locations":[{"start":{"line":22,"column":2},"end":{"line":24,"column":3}},{"start":{"line":22,"column":2},"end":{"line":24,"column":3}}],"line":22},"2":{"loc":{"start":{"line":38,"column":2},"end":{"line":44,"column":3}},"type":"if","locations":[{"start":{"line":38,"column":2},"end":{"line":44,"column":3}},{"start":{"line":38,"column":2},"end":{"line":44,"column":3}}],"line":38}},"s":{"0":0,"1":0,"2":0,"3":0,"4":0,"5":0,"6":0,"7":0,"8":0,"9":0,"10":0,"11":0,"12":0,"13":0,"14":0,"15":0,"16":0,"17":0,"18":0,"19":0,"20":0,"21":0,"22":0},"f":{"0":0,"1":0,"2":0},"b":{"0":[0,0],"1":[0,0],"2":[0,0]},"all":true},"/home/claydson/Documentos/Projetos/Store.20/app/backend/src/controllers/Orders.controller.ts":{"path":"/home/claydson/Documentos/Projetos/Store.20/app/backend/src/controllers/Orders.controller.ts","statementMap":{"0":{"start":{"line":4,"column":21},"end":{"line":13,"column":1}},"1":{"start":{"line":5,"column":30},"end":{"line":5,"column":54}},"2":{"start":{"line":6,"column":2},"end":{"line":8,"column":3}},"3":{"start":{"line":7,"column":4},"end":{"line":7,"column":64}},"4":{"start":{"line":9,"column":16},"end":{"line":9,"column":49}},"5":{"start":{"line":10,"column":23},"end":{"line":10,"column":55}},"6":{"start":{"line":11,"column":27},"end":{"line":11,"column":39}},"7":{"start":{"line":12,"column":2},"end":{"line":12,"column":39}}},"fnMap":{"0":{"name":"(anonymous_0)","decl":{"start":{"line":4,"column":21},"end":{"line":4,"column":22}},"loc":{"start":{"line":4,"column":60},"end":{"line":13,"column":1}},"line":4}},"branchMap":{"0":{"loc":{"start":{"line":6,"column":2},"end":{"line":8,"column":3}},"type":"if","locations":[{"start":{"line":6,"column":2},"end":{"line":8,"column":3}},{"start":{"line":6,"column":2},"end":{"line":8,"column":3}}],"line":6}},"s":{"0":0,"1":0,"2":0,"3":0,"4":0,"5":0,"6":0,"7":0},"f":{"0":0},"b":{"0":[0,0]},"all":true},"/home/claydson/Documentos/Projetos/Store.20/app/backend/src/controllers/Prodcuts.controller.ts":{"path":"/home/claydson/Documentos/Projetos/Store.20/app/backend/src/controllers/Prodcuts.controller.ts","statementMap":{"0":{"start":{"line":4,"column":20},"end":{"line":7,"column":1}},"1":{"start":{"line":5,"column":19},"end":{"line":5,"column":56}},"2":{"start":{"line":6,"column":2},"end":{"line":6,"column":50}},"3":{"start":{"line":9,"column":20},"end":{"line":15,"column":1}},"4":{"start":{"line":10,"column":17},"end":{"line":10,"column":27}},"5":{"start":{"line":11,"column":29},"end":{"line":13,"column":3}},"6":{"start":{"line":14,"column":2},"end":{"line":14,"column":70}},"7":{"start":{"line":17,"column":22},"end":{"line":46,"column":1}},"8":{"start":{"line":30,"column":6},"end":{"line":30,"column":14}},"9":{"start":{"line":32,"column":20},"end":{"line":44,"column":4}},"10":{"start":{"line":45,"column":2},"end":{"line":45,"column":34}},"11":{"start":{"line":48,"column":18},"end":{"line":54,"column":1}},"12":{"start":{"line":49,"column":17},"end":{"line":49,"column":27}},"13":{"start":{"line":50,"column":24},"end":{"line":50,"column":36}},"14":{"start":{"line":51,"column":17},"end":{"line":51,"column":25}},"15":{"start":{"line":52,"column":21},"end":{"line":52,"column":78}},"16":{"start":{"line":53,"column":2},"end":{"line":53,"column":54}}},"fnMap":{"0":{"name":"(anonymous_0)","decl":{"start":{"line":4,"column":20},"end":{"line":4,"column":21}},"loc":{"start":{"line":4,"column":59},"end":{"line":7,"column":1}},"line":4},"1":{"name":"(anonymous_1)","decl":{"start":{"line":9,"column":20},"end":{"line":9,"column":21}},"loc":{"start":{"line":9,"column":59},"end":{"line":15,"column":1}},"line":9},"2":{"name":"(anonymous_2)","decl":{"start":{"line":17,"column":22},"end":{"line":17,"column":23}},"loc":{"start":{"line":17,"column":61},"end":{"line":46,"column":1}},"line":17},"3":{"name":"(anonymous_3)","decl":{"start":{"line":48,"column":18},"end":{"line":48,"column":19}},"loc":{"start":{"line":48,"column":57},"end":{"line":54,"column":1}},"line":48}},"branchMap":{"0":{"loc":{"start":{"line":37,"column":11},"end":{"line":37,"column":22}},"type":"binary-expr","locations":[{"start":{"line":37,"column":11},"end":{"line":37,"column":16}},{"start":{"line":37,"column":20},"end":{"line":37,"column":22}}],"line":37}},"s":{"0":0,"1":0,"2":0,"3":0,"4":0,"5":0,"6":0,"7":0,"8":0,"9":0,"10":0,"11":0,"12":0,"13":0,"14":0,"15":0,"16":0},"f":{"0":0,"1":0,"2":0,"3":0},"b":{"0":[0,0]},"all":true},"/home/claydson/Documentos/Projetos/Store.20/app/backend/src/controllers/users.controller.ts":{"path":"/home/claydson/Documentos/Projetos/Store.20/app/backend/src/controllers/users.controller.ts","statementMap":{"0":{"start":{"line":4,"column":14},"end":{"line":9,"column":1}},"1":{"start":{"line":5,"column":30},"end":{"line":5,"column":38}},"2":{"start":{"line":6,"column":20},"end":{"line":6,"column":39}},"3":{"start":{"line":7,"column":27},"end":{"line":7,"column":62}},"4":{"start":{"line":8,"column":2},"end":{"line":8,"column":32}},"5":{"start":{"line":13,"column":22},"end":{"line":38,"column":1}},"6":{"start":{"line":15,"column":4},"end":{"line":15,"column":12}},"7":{"start":{"line":18,"column":2},"end":{"line":22,"column":3}},"8":{"start":{"line":19,"column":4},"end":{"line":21,"column":76}},"9":{"start":{"line":25,"column":18},"end":{"line":34,"column":4}},"10":{"start":{"line":37,"column":2},"end":{"line":37,"column":39}},"11":{"start":{"line":40,"column":29},"end":{"line":49,"column":1}},"12":{"start":{"line":41,"column":30},"end":{"line":41,"column":54}},"13":{"start":{"line":42,"column":19},"end":{"line":42,"column":27}},"14":{"start":{"line":43,"column":2},"end":{"line":45,"column":3}},"15":{"start":{"line":44,"column":4},"end":{"line":44,"column":64}},"16":{"start":{"line":46,"column":16},"end":{"line":46,"column":49}},"17":{"start":{"line":47,"column":24},"end":{"line":47,"column":70}},"18":{"start":{"line":48,"column":2},"end":{"line":48,"column":45}},"19":{"start":{"line":51,"column":16},"end":{"line":54,"column":1}},"20":{"start":{"line":52,"column":15},"end":{"line":52,"column":46}},"21":{"start":{"line":53,"column":2},"end":{"line":53,"column":36}},"22":{"start":{"line":56,"column":31},"end":{"line":64,"column":1}},"23":{"start":{"line":57,"column":30},"end":{"line":57,"column":54}},"24":{"start":{"line":58,"column":2},"end":{"line":60,"column":3}},"25":{"start":{"line":59,"column":4},"end":{"line":59,"column":64}},"26":{"start":{"line":61,"column":16},"end":{"line":61,"column":49}},"27":{"start":{"line":62,"column":27},"end":{"line":62,"column":65}},"28":{"start":{"line":63,"column":2},"end":{"line":63,"column":39}},"29":{"start":{"line":66,"column":22},"end":{"line":71,"column":1}},"30":{"start":{"line":67,"column":30},"end":{"line":67,"column":54}},"31":{"start":{"line":68,"column":2},"end":{"line":68,"column":88}},"32":{"start":{"line":68,"column":28},"end":{"line":68,"column":88}},"33":{"start":{"line":69,"column":23},"end":{"line":69,"column":70}},"34":{"start":{"line":70,"column":2},"end":{"line":70,"column":43}}},"fnMap":{"0":{"name":"(anonymous_0)","decl":{"start":{"line":4,"column":14},"end":{"line":4,"column":15}},"loc":{"start":{"line":4,"column":68},"end":{"line":9,"column":1}},"line":4},"1":{"name":"(anonymous_1)","decl":{"start":{"line":13,"column":22},"end":{"line":13,"column":23}},"loc":{"start":{"line":13,"column":61},"end":{"line":38,"column":1}},"line":13},"2":{"name":"(anonymous_2)","decl":{"start":{"line":40,"column":29},"end":{"line":40,"column":30}},"loc":{"start":{"line":40,"column":68},"end":{"line":49,"column":1}},"line":40},"3":{"name":"(anonymous_3)","decl":{"start":{"line":51,"column":16},"end":{"line":51,"column":17}},"loc":{"start":{"line":51,"column":55},"end":{"line":54,"column":1}},"line":51},"4":{"name":"(anonymous_4)","decl":{"start":{"line":56,"column":31},"end":{"line":56,"column":32}},"loc":{"start":{"line":56,"column":70},"end":{"line":64,"column":1}},"line":56},"5":{"name":"(anonymous_5)","decl":{"start":{"line":66,"column":22},"end":{"line":66,"column":23}},"loc":{"start":{"line":66,"column":55},"end":{"line":71,"column":1}},"line":66}},"branchMap":{"0":{"loc":{"start":{"line":18,"column":2},"end":{"line":22,"column":3}},"type":"if","locations":[{"start":{"line":18,"column":2},"end":{"line":22,"column":3}},{"start":{"line":18,"column":2},"end":{"line":22,"column":3}}],"line":18},"1":{"loc":{"start":{"line":18,"column":6},"end":{"line":18,"column":47}},"type":"binary-expr","locations":[{"start":{"line":18,"column":6},"end":{"line":18,"column":11}},{"start":{"line":18,"column":15},"end":{"line":18,"column":24}},{"start":{"line":18,"column":28},"end":{"line":18,"column":34}},{"start":{"line":18,"column":38},"end":{"line":18,"column":47}}],"line":18},"2":{"loc":{"start":{"line":43,"column":2},"end":{"line":45,"column":3}},"type":"if","locations":[{"start":{"line":43,"column":2},"end":{"line":45,"column":3}},{"start":{"line":43,"column":2},"end":{"line":45,"column":3}}],"line":43},"3":{"loc":{"start":{"line":58,"column":2},"end":{"line":60,"column":3}},"type":"if","locations":[{"start":{"line":58,"column":2},"end":{"line":60,"column":3}},{"start":{"line":58,"column":2},"end":{"line":60,"column":3}}],"line":58},"4":{"loc":{"start":{"line":68,"column":2},"end":{"line":68,"column":88}},"type":"if","locations":[{"start":{"line":68,"column":2},"end":{"line":68,"column":88}},{"start":{"line":68,"column":2},"end":{"line":68,"column":88}}],"line":68}},"s":{"0":0,"1":0,"2":0,"3":0,"4":0,"5":0,"6":0,"7":0,"8":0,"9":0,"10":0,"11":0,"12":0,"13":0,"14":0,"15":0,"16":0,"17":0,"18":0,"19":0,"20":0,"21":0,"22":0,"23":0,"24":0,"25":0,"26":0,"27":0,"28":0,"29":0,"30":0,"31":0,"32":0,"33":0,"34":0},"f":{"0":0,"1":0,"2":0,"3":0,"4":0,"5":0},"b":{"0":[0,0],"1":[0,0,0,0],"2":[0,0],"3":[0,0],"4":[0,0]},"all":true},"/home/claydson/Documentos/Projetos/Store.20/app/backend/src/Interfaces/erroMiddleware.ts":{"path":"/home/claydson/Documentos/Projetos/Store.20/app/backend/src/Interfaces/erroMiddleware.ts","statementMap":{},"fnMap":{},"branchMap":{},"s":{},"f":{},"b":{},"all":true},"/home/claydson/Documentos/Projetos/Store.20/app/backend/src/Interfaces/ICarrinho.ts":{"path":"/home/claydson/Documentos/Projetos/Store.20/app/backend/src/Interfaces/ICarrinho.ts","statementMap":{},"fnMap":{},"branchMap":{},"s":{},"f":{},"b":{},"all":true},"/home/claydson/Documentos/Projetos/Store.20/app/backend/src/Interfaces/ICateg.ts":{"path":"/home/claydson/Documentos/Projetos/Store.20/app/backend/src/Interfaces/ICateg.ts","statementMap":{},"fnMap":{},"branchMap":{},"s":{},"f":{},"b":{},"all":true},"/home/claydson/Documentos/Projetos/Store.20/app/backend/src/Interfaces/IColor.ts":{"path":"/home/claydson/Documentos/Projetos/Store.20/app/backend/src/Interfaces/IColor.ts","statementMap":{},"fnMap":{},"branchMap":{},"s":{},"f":{},"b":{},"all":true},"/home/claydson/Documentos/Projetos/Store.20/app/backend/src/Interfaces/IMarca.ts":{"path":"/home/claydson/Documentos/Projetos/Store.20/app/backend/src/Interfaces/IMarca.ts","statementMap":{},"fnMap":{},"branchMap":{},"s":{},"f":{},"b":{},"all":true},"/home/claydson/Documentos/Projetos/Store.20/app/backend/src/Interfaces/IOrders.ts":{"path":"/home/claydson/Documentos/Projetos/Store.20/app/backend/src/Interfaces/IOrders.ts","statementMap":{},"fnMap":{},"branchMap":{},"s":{},"f":{},"b":{},"all":true},"/home/claydson/Documentos/Projetos/Store.20/app/backend/src/Interfaces/IProduct.ts":{"path":"/home/claydson/Documentos/Projetos/Store.20/app/backend/src/Interfaces/IProduct.ts","statementMap":{},"fnMap":{},"branchMap":{},"s":{},"f":{},"b":{},"all":true},"/home/claydson/Documentos/Projetos/Store.20/app/backend/src/Interfaces/IUsers.ts":{"path":"/home/claydson/Documentos/Projetos/Store.20/app/backend/src/Interfaces/IUsers.ts","statementMap":{},"fnMap":{},"branchMap":{},"s":{},"f":{},"b":{},"all":true},"/home/claydson/Documentos/Projetos/Store.20/app/backend/src/middleware/erroLogin,middleware.ts":{"path":"/home/claydson/Documentos/Projetos/Store.20/app/backend/src/middleware/erroLogin,middleware.ts","statementMap":{"0":{"start":{"line":4,"column":18},"end":{"line":10,"column":1}},"1":{"start":{"line":5,"column":30},"end":{"line":5,"column":38}},"2":{"start":{"line":6,"column":2},"end":{"line":8,"column":3}},"3":{"start":{"line":7,"column":4},"end":{"line":7,"column":80}},"4":{"start":{"line":9,"column":2},"end":{"line":9,"column":9}},"5":{"start":{"line":12,"column":23},"end":{"line":30,"column":1}},"6":{"start":{"line":17,"column":46},"end":{"line":17,"column":54}},"7":{"start":{"line":19,"column":2},"end":{"line":21,"column":3}},"8":{"start":{"line":20,"column":4},"end":{"line":20,"column":72}},"9":{"start":{"line":23,"column":19},"end":{"line":23,"column":40}},"10":{"start":{"line":24,"column":20},"end":{"line":24,"column":61}},"11":{"start":{"line":25,"column":20},"end":{"line":25,"column":64}},"12":{"start":{"line":26,"column":2},"end":{"line":28,"column":3}},"13":{"start":{"line":27,"column":4},"end":{"line":27,"column":74}},"14":{"start":{"line":29,"column":2},"end":{"line":29,"column":9}}},"fnMap":{"0":{"name":"(anonymous_0)","decl":{"start":{"line":4,"column":18},"end":{"line":4,"column":19}},"loc":{"start":{"line":4,"column":71},"end":{"line":10,"column":1}},"line":4},"1":{"name":"(anonymous_1)","decl":{"start":{"line":12,"column":23},"end":{"line":12,"column":24}},"loc":{"start":{"line":16,"column":5},"end":{"line":30,"column":1}},"line":16}},"branchMap":{"0":{"loc":{"start":{"line":6,"column":2},"end":{"line":8,"column":3}},"type":"if","locations":[{"start":{"line":6,"column":2},"end":{"line":8,"column":3}},{"start":{"line":6,"column":2},"end":{"line":8,"column":3}}],"line":6},"1":{"loc":{"start":{"line":6,"column":6},"end":{"line":6,"column":25}},"type":"binary-expr","locations":[{"start":{"line":6,"column":6},"end":{"line":6,"column":12}},{"start":{"line":6,"column":16},"end":{"line":6,"column":25}}],"line":6},"2":{"loc":{"start":{"line":19,"column":2},"end":{"line":21,"column":3}},"type":"if","locations":[{"start":{"line":19,"column":2},"end":{"line":21,"column":3}},{"start":{"line":19,"column":2},"end":{"line":21,"column":3}}],"line":19},"3":{"loc":{"start":{"line":19,"column":6},"end":{"line":19,"column":47}},"type":"binary-expr","locations":[{"start":{"line":19,"column":6},"end":{"line":19,"column":12}},{"start":{"line":19,"column":16},"end":{"line":19,"column":21}},{"start":{"line":19,"column":25},"end":{"line":19,"column":34}},{"start":{"line":19,"column":38},"end":{"line":19,"column":47}}],"line":19},"4":{"loc":{"start":{"line":26,"column":2},"end":{"line":28,"column":3}},"type":"if","locations":[{"start":{"line":26,"column":2},"end":{"line":28,"column":3}},{"start":{"line":26,"column":2},"end":{"line":28,"column":3}}],"line":26},"5":{"loc":{"start":{"line":26,"column":6},"end":{"line":26,"column":28}},"type":"binary-expr","locations":[{"start":{"line":26,"column":6},"end":{"line":26,"column":15}},{"start":{"line":26,"column":19},"end":{"line":26,"column":28}}],"line":26}},"s":{"0":0,"1":0,"2":0,"3":0,"4":0,"5":0,"6":0,"7":0,"8":0,"9":0,"10":0,"11":0,"12":0,"13":0,"14":0},"f":{"0":0,"1":0},"b":{"0":[0,0],"1":[0,0],"2":[0,0],"3":[0,0,0,0],"4":[0,0],"5":[0,0]},"all":true},"/home/claydson/Documentos/Projetos/Store.20/app/backend/src/middleware/errorMiddleware.ts":{"path":"/home/claydson/Documentos/Projetos/Store.20/app/backend/src/middleware/errorMiddleware.ts","statementMap":{"0":{"start":{"line":5,"column":17},"end":{"line":5,"column":40}},"1":{"start":{"line":6,"column":18},"end":{"line":6,"column":57}},"2":{"start":{"line":8,"column":2},"end":{"line":8,"column":21}},"3":{"start":{"line":9,"column":2},"end":{"line":9,"column":46}}},"fnMap":{"0":{"name":"errorMiddleware","decl":{"start":{"line":4,"column":9},"end":{"line":4,"column":24}},"loc":{"start":{"line":4,"column":97},"end":{"line":10,"column":1}},"line":4}},"branchMap":{"0":{"loc":{"start":{"line":5,"column":17},"end":{"line":5,"column":40}},"type":"binary-expr","locations":[{"start":{"line":5,"column":17},"end":{"line":5,"column":33}},{"start":{"line":5,"column":37},"end":{"line":5,"column":40}}],"line":5},"1":{"loc":{"start":{"line":6,"column":18},"end":{"line":6,"column":57}},"type":"binary-expr","locations":[{"start":{"line":6,"column":18},"end":{"line":6,"column":31}},{"start":{"line":6,"column":35},"end":{"line":6,"column":57}}],"line":6}},"s":{"0":0,"1":0,"2":0,"3":0},"f":{"0":0},"b":{"0":[0,0],"1":[0,0]},"all":true},"/home/claydson/Documentos/Projetos/Store.20/app/backend/src/middleware/validateToken.middleware.ts":{"path":"/home/claydson/Documentos/Projetos/Store.20/app/backend/src/middleware/validateToken.middleware.ts","statementMap":{"0":{"start":{"line":3,"column":22},"end":{"line":14,"column":1}},"1":{"start":{"line":4,"column":35},"end":{"line":4,"column":46}},"2":{"start":{"line":5,"column":2},"end":{"line":7,"column":3}},"3":{"start":{"line":6,"column":3},"end":{"line":6,"column":59}},"4":{"start":{"line":8,"column":21},"end":{"line":8,"column":39}},"5":{"start":{"line":9,"column":22},"end":{"line":9,"column":45}},"6":{"start":{"line":10,"column":2},"end":{"line":12,"column":3}},"7":{"start":{"line":11,"column":4},"end":{"line":11,"column":72}},"8":{"start":{"line":13,"column":2},"end":{"line":13,"column":9}}},"fnMap":{"0":{"name":"(anonymous_0)","decl":{"start":{"line":3,"column":22},"end":{"line":3,"column":23}},"loc":{"start":{"line":3,"column":72},"end":{"line":14,"column":1}},"line":3}},"branchMap":{"0":{"loc":{"start":{"line":5,"column":2},"end":{"line":7,"column":3}},"type":"if","locations":[{"start":{"line":5,"column":2},"end":{"line":7,"column":3}},{"start":{"line":5,"column":2},"end":{"line":7,"column":3}}],"line":5},"1":{"loc":{"start":{"line":10,"column":2},"end":{"line":12,"column":3}},"type":"if","locations":[{"start":{"line":10,"column":2},"end":{"line":12,"column":3}},{"start":{"line":10,"column":2},"end":{"line":12,"column":3}}],"line":10}},"s":{"0":0,"1":0,"2":0,"3":0,"4":0,"5":0,"6":0,"7":0,"8":0},"f":{"0":0},"b":{"0":[0,0],"1":[0,0]},"all":true},"/home/claydson/Documentos/Projetos/Store.20/app/backend/src/router/carrinho.router.ts":{"path":"/home/claydson/Documentos/Projetos/Store.20/app/backend/src/router/carrinho.router.ts","statementMap":{"0":{"start":{"line":8,"column":23},"end":{"line":8,"column":31}},"1":{"start":{"line":10,"column":0},"end":{"line":10,"column":52}},"2":{"start":{"line":11,"column":0},"end":{"line":11,"column":51}},"3":{"start":{"line":12,"column":0},"end":{"line":12,"column":43}}},"fnMap":{},"branchMap":{},"s":{"0":0,"1":0,"2":0,"3":0},"f":{},"b":{},"all":true},"/home/claydson/Documentos/Projetos/Store.20/app/backend/src/router/orders.router.ts":{"path":"/home/claydson/Documentos/Projetos/Store.20/app/backend/src/router/orders.router.ts","statementMap":{"0":{"start":{"line":5,"column":21},"end":{"line":5,"column":29}},"1":{"start":{"line":6,"column":0},"end":{"line":6,"column":41}}},"fnMap":{},"branchMap":{},"s":{"0":0,"1":0},"f":{},"b":{},"all":true},"/home/claydson/Documentos/Projetos/Store.20/app/backend/src/router/product.router.ts":{"path":"/home/claydson/Documentos/Projetos/Store.20/app/backend/src/router/product.router.ts","statementMap":{"0":{"start":{"line":9,"column":23},"end":{"line":9,"column":31}},"1":{"start":{"line":11,"column":0},"end":{"line":11,"column":44}},"2":{"start":{"line":12,"column":0},"end":{"line":12,"column":48}},"3":{"start":{"line":13,"column":0},"end":{"line":13,"column":47}},"4":{"start":{"line":14,"column":0},"end":{"line":14,"column":42}}},"fnMap":{},"branchMap":{},"s":{"0":0,"1":0,"2":0,"3":0,"4":0},"f":{},"b":{},"all":true},"/home/claydson/Documentos/Projetos/Store.20/app/backend/src/router/user.router.ts":{"path":"/home/claydson/Documentos/Projetos/Store.20/app/backend/src/router/user.router.ts","statementMap":{"0":{"start":{"line":11,"column":20},"end":{"line":11,"column":28}},"1":{"start":{"line":13,"column":0},"end":{"line":13,"column":45}},"2":{"start":{"line":14,"column":0},"end":{"line":14,"column":48}},"3":{"start":{"line":15,"column":0},"end":{"line":15,"column":50}},"4":{"start":{"line":16,"column":0},"end":{"line":16,"column":46}},"5":{"start":{"line":17,"column":0},"end":{"line":17,"column":61}}},"fnMap":{},"branchMap":{},"s":{"0":0,"1":0,"2":0,"3":0,"4":0,"5":0},"f":{},"b":{},"all":true},"/home/claydson/Documentos/Projetos/Store.20/app/backend/src/server.ts":{"path":"/home/claydson/Documentos/Projetos/Store.20/app/backend/src/server.ts","statementMap":{"0":{"start":{"line":4,"column":13},"end":{"line":4,"column":41}},"1":{"start":{"line":6,"column":0},"end":{"line":6,"column":22}}},"fnMap":{},"branchMap":{"0":{"loc":{"start":{"line":4,"column":13},"end":{"line":4,"column":41}},"type":"binary-expr","locations":[{"start":{"line":4,"column":13},"end":{"line":4,"column":33}},{"start":{"line":4,"column":37},"end":{"line":4,"column":41}}],"line":4}},"s":{"0":0,"1":0},"f":{},"b":{"0":[0,0]},"all":true},"/home/claydson/Documentos/Projetos/Store.20/app/backend/src/services/Carrinho.services.ts":{"path":"/home/claydson/Documentos/Projetos/Store.20/app/backend/src/services/Carrinho.services.ts","statementMap":{"0":{"start":{"line":6,"column":33},"end":{"line":23,"column":1}},"1":{"start":{"line":7,"column":18},"end":{"line":7,"column":36}},"2":{"start":{"line":8,"column":2},"end":{"line":10,"column":3}},"3":{"start":{"line":9,"column":4},"end":{"line":9,"column":38}},"4":{"start":{"line":11,"column":17},"end":{"line":11,"column":24}},"5":{"start":{"line":12,"column":19},"end":{"line":21,"column":4}},"6":{"start":{"line":22,"column":2},"end":{"line":22,"column":41}},"7":{"start":{"line":25,"column":32},"end":{"line":43,"column":1}},"8":{"start":{"line":30,"column":18},"end":{"line":30,"column":36}},"9":{"start":{"line":31,"column":2},"end":{"line":33,"column":3}},"10":{"start":{"line":32,"column":4},"end":{"line":32,"column":37}},"11":{"start":{"line":35,"column":17},"end":{"line":35,"column":24}},"12":{"start":{"line":36,"column":20},"end":{"line":40,"column":4}},"13":{"start":{"line":42,"column":2},"end":{"line":42,"column":42}},"14":{"start":{"line":45,"column":22},"end":{"line":48,"column":1}},"15":{"start":{"line":46,"column":2},"end":{"line":46,"column":51}},"16":{"start":{"line":47,"column":2},"end":{"line":47,"column":61}},"17":{"start":{"line":50,"column":33},"end":{"line":78,"column":1}},"18":{"start":{"line":55,"column":18},"end":{"line":55,"column":66}},"19":{"start":{"line":57,"column":2},"end":{"line":59,"column":3}},"20":{"start":{"line":58,"column":4},"end":{"line":58,"column":69}},"21":{"start":{"line":61,"column":2},"end":{"line":64,"column":3}},"22":{"start":{"line":62,"column":4},"end":{"line":62,"column":29}},"23":{"start":{"line":63,"column":4},"end":{"line":63,"column":63}},"24":{"start":{"line":67,"column":2},"end":{"line":71,"column":3}},"25":{"start":{"line":68,"column":5},"end":{"line":70,"column":7}},"26":{"start":{"line":72,"column":2},"end":{"line":74,"column":5}},"27":{"start":{"line":77,"column":2},"end":{"line":77,"column":42}}},"fnMap":{"0":{"name":"(anonymous_0)","decl":{"start":{"line":6,"column":33},"end":{"line":6,"column":34}},"loc":{"start":{"line":6,"column":58},"end":{"line":23,"column":1}},"line":6},"1":{"name":"(anonymous_1)","decl":{"start":{"line":25,"column":32},"end":{"line":25,"column":33}},"loc":{"start":{"line":29,"column":5},"end":{"line":43,"column":1}},"line":29},"2":{"name":"(anonymous_2)","decl":{"start":{"line":45,"column":22},"end":{"line":45,"column":23}},"loc":{"start":{"line":45,"column":51},"end":{"line":48,"column":1}},"line":45},"3":{"name":"(anonymous_3)","decl":{"start":{"line":50,"column":33},"end":{"line":50,"column":34}},"loc":{"start":{"line":54,"column":5},"end":{"line":78,"column":1}},"line":54}},"branchMap":{"0":{"loc":{"start":{"line":8,"column":2},"end":{"line":10,"column":3}},"type":"if","locations":[{"start":{"line":8,"column":2},"end":{"line":10,"column":3}},{"start":{"line":8,"column":2},"end":{"line":10,"column":3}}],"line":8},"1":{"loc":{"start":{"line":31,"column":2},"end":{"line":33,"column":3}},"type":"if","locations":[{"start":{"line":31,"column":2},"end":{"line":33,"column":3}},{"start":{"line":31,"column":2},"end":{"line":33,"column":3}}],"line":31},"2":{"loc":{"start":{"line":57,"column":2},"end":{"line":59,"column":3}},"type":"if","locations":[{"start":{"line":57,"column":2},"end":{"line":59,"column":3}},{"start":{"line":57,"column":2},"end":{"line":59,"column":3}}],"line":57},"3":{"loc":{"start":{"line":61,"column":2},"end":{"line":64,"column":3}},"type":"if","locations":[{"start":{"line":61,"column":2},"end":{"line":64,"column":3}},{"start":{"line":61,"column":2},"end":{"line":64,"column":3}}],"line":61},"4":{"loc":{"start":{"line":61,"column":6},"end":{"line":61,"column":42}},"type":"binary-expr","locations":[{"start":{"line":61,"column":6},"end":{"line":61,"column":15}},{"start":{"line":61,"column":19},"end":{"line":61,"column":42}}],"line":61},"5":{"loc":{"start":{"line":67,"column":2},"end":{"line":71,"column":3}},"type":"if","locations":[{"start":{"line":67,"column":2},"end":{"line":71,"column":3}},{"start":{"line":67,"column":2},"end":{"line":71,"column":3}}],"line":67}},"s":{"0":0,"1":0,"2":0,"3":0,"4":0,"5":0,"6":0,"7":0,"8":0,"9":0,"10":0,"11":0,"12":0,"13":0,"14":0,"15":0,"16":0,"17":0,"18":0,"19":0,"20":0,"21":0,"22":0,"23":0,"24":0,"25":0,"26":0,"27":0},"f":{"0":0,"1":0,"2":0,"3":0},"b":{"0":[0,0],"1":[0,0],"2":[0,0],"3":[0,0],"4":[0,0],"5":[0,0]},"all":true},"/home/claydson/Documentos/Projetos/Store.20/app/backend/src/services/Orders.services.ts":{"path":"/home/claydson/Documentos/Projetos/Store.20/app/backend/src/services/Orders.services.ts","statementMap":{"0":{"start":{"line":4,"column":28},"end":{"line":12,"column":1}},"1":{"start":{"line":5,"column":18},"end":{"line":5,"column":36}},"2":{"start":{"line":6,"column":2},"end":{"line":8,"column":3}},"3":{"start":{"line":7,"column":4},"end":{"line":7,"column":50}},"4":{"start":{"line":9,"column":17},"end":{"line":9,"column":24}},"5":{"start":{"line":10,"column":21},"end":{"line":10,"column":60}},"6":{"start":{"line":11,"column":2},"end":{"line":11,"column":43}}},"fnMap":{"0":{"name":"(anonymous_0)","decl":{"start":{"line":4,"column":28},"end":{"line":4,"column":29}},"loc":{"start":{"line":4,"column":53},"end":{"line":12,"column":1}},"line":4}},"branchMap":{"0":{"loc":{"start":{"line":6,"column":2},"end":{"line":8,"column":3}},"type":"if","locations":[{"start":{"line":6,"column":2},"end":{"line":8,"column":3}},{"start":{"line":6,"column":2},"end":{"line":8,"column":3}}],"line":6}},"s":{"0":0,"1":0,"2":0,"3":0,"4":0,"5":0,"6":0},"f":{"0":0},"b":{"0":[0,0]},"all":true},"/home/claydson/Documentos/Projetos/Store.20/app/backend/src/services/Products.services.ts":{"path":"/home/claydson/Documentos/Projetos/Store.20/app/backend/src/services/Products.services.ts","statementMap":{"0":{"start":{"line":6,"column":23},"end":{"line":39,"column":1}},"1":{"start":{"line":7,"column":22},"end":{"line":28,"column":4}},"2":{"start":{"line":31,"column":26},"end":{"line":36,"column":3}},"3":{"start":{"line":31,"column":61},"end":{"line":36,"column":1}},"4":{"start":{"line":38,"column":2},"end":{"line":38,"column":50}},"5":{"start":{"line":41,"column":28},"end":{"line":83,"column":1}},"6":{"start":{"line":42,"column":2},"end":{"line":44,"column":3}},"7":{"start":{"line":43,"column":4},"end":{"line":43,"column":53}},"8":{"start":{"line":45,"column":21},"end":{"line":66,"column":4}},"9":{"start":{"line":68,"column":2},"end":{"line":70,"column":3}},"10":{"start":{"line":69,"column":4},"end":{"line":69,"column":59}},"11":{"start":{"line":72,"column":46},"end":{"line":72,"column":72}},"12":{"start":{"line":75,"column":15},"end":{"line":80,"column":3}},"13":{"start":{"line":82,"column":2},"end":{"line":82,"column":37}},"14":{"start":{"line":99,"column":19},"end":{"line":149,"column":1}},"15":{"start":{"line":100,"column":26},"end":{"line":102,"column":4}},"16":{"start":{"line":104,"column":2},"end":{"line":106,"column":3}},"17":{"start":{"line":105,"column":4},"end":{"line":105,"column":70}},"18":{"start":{"line":108,"column":17},"end":{"line":110,"column":4}},"19":{"start":{"line":112,"column":2},"end":{"line":116,"column":3}},"20":{"start":{"line":113,"column":4},"end":{"line":115,"column":7}},"21":{"start":{"line":118,"column":14},"end":{"line":118,"column":74}},"22":{"start":{"line":120,"column":2},"end":{"line":124,"column":3}},"23":{"start":{"line":121,"column":4},"end":{"line":123,"column":7}},"24":{"start":{"line":126,"column":12},"end":{"line":126,"column":71}},"25":{"start":{"line":128,"column":2},"end":{"line":132,"column":3}},"26":{"start":{"line":129,"column":4},"end":{"line":131,"column":7}},"27":{"start":{"line":134,"column":18},"end":{"line":146,"column":4}},"28":{"start":{"line":148,"column":2},"end":{"line":148,"column":40}},"29":{"start":{"line":163,"column":22},"end":{"line":187,"column":1}},"30":{"start":{"line":167,"column":18},"end":{"line":167,"column":45}},"31":{"start":{"line":168,"column":2},"end":{"line":168,"column":23}},"32":{"start":{"line":170,"column":2},"end":{"line":172,"column":3}},"33":{"start":{"line":171,"column":4},"end":{"line":171,"column":73}},"34":{"start":{"line":174,"column":2},"end":{"line":186,"column":3}},"35":{"start":{"line":175,"column":4},"end":{"line":175,"column":37}},"36":{"start":{"line":177,"column":4},"end":{"line":180,"column":6}},"37":{"start":{"line":182,"column":4},"end":{"line":185,"column":6}}},"fnMap":{"0":{"name":"(anonymous_0)","decl":{"start":{"line":6,"column":23},"end":{"line":6,"column":24}},"loc":{"start":{"line":6,"column":35},"end":{"line":39,"column":1}},"line":6},"1":{"name":"(anonymous_1)","decl":{"start":{"line":31,"column":42},"end":{"line":31,"column":43}},"loc":{"start":{"line":31,"column":61},"end":{"line":36,"column":1}},"line":31},"2":{"name":"(anonymous_2)","decl":{"start":{"line":41,"column":28},"end":{"line":41,"column":29}},"loc":{"start":{"line":41,"column":50},"end":{"line":83,"column":1}},"line":41},"3":{"name":"(anonymous_3)","decl":{"start":{"line":99,"column":19},"end":{"line":99,"column":20}},"loc":{"start":{"line":99,"column":49},"end":{"line":149,"column":1}},"line":99},"4":{"name":"(anonymous_4)","decl":{"start":{"line":163,"column":22},"end":{"line":163,"column":23}},"loc":{"start":{"line":166,"column":45},"end":{"line":187,"column":1}},"line":166}},"branchMap":{"0":{"loc":{"start":{"line":42,"column":2},"end":{"line":44,"column":3}},"type":"if","locations":[{"start":{"line":42,"column":2},"end":{"line":44,"column":3}},{"start":{"line":42,"column":2},"end":{"line":44,"column":3}}],"line":42},"1":{"loc":{"start":{"line":68,"column":2},"end":{"line":70,"column":3}},"type":"if","locations":[{"start":{"line":68,"column":2},"end":{"line":70,"column":3}},{"start":{"line":68,"column":2},"end":{"line":70,"column":3}}],"line":68},"2":{"loc":{"start":{"line":104,"column":2},"end":{"line":106,"column":3}},"type":"if","locations":[{"start":{"line":104,"column":2},"end":{"line":106,"column":3}},{"start":{"line":104,"column":2},"end":{"line":106,"column":3}}],"line":104},"3":{"loc":{"start":{"line":112,"column":2},"end":{"line":116,"column":3}},"type":"if","locations":[{"start":{"line":112,"column":2},"end":{"line":116,"column":3}},{"start":{"line":112,"column":2},"end":{"line":116,"column":3}}],"line":112},"4":{"loc":{"start":{"line":120,"column":2},"end":{"line":124,"column":3}},"type":"if","locations":[{"start":{"line":120,"column":2},"end":{"line":124,"column":3}},{"start":{"line":120,"column":2},"end":{"line":124,"column":3}}],"line":120},"5":{"loc":{"start":{"line":128,"column":2},"end":{"line":132,"column":3}},"type":"if","locations":[{"start":{"line":128,"column":2},"end":{"line":132,"column":3}},{"start":{"line":128,"column":2},"end":{"line":132,"column":3}}],"line":128},"6":{"loc":{"start":{"line":138,"column":11},"end":{"line":138,"column":27}},"type":"binary-expr","locations":[{"start":{"line":138,"column":11},"end":{"line":138,"column":22}},{"start":{"line":138,"column":26},"end":{"line":138,"column":27}}],"line":138},"7":{"loc":{"start":{"line":170,"column":2},"end":{"line":172,"column":3}},"type":"if","locations":[{"start":{"line":170,"column":2},"end":{"line":172,"column":3}},{"start":{"line":170,"column":2},"end":{"line":172,"column":3}}],"line":170}},"s":{"0":0,"1":0,"2":0,"3":0,"4":0,"5":0,"6":0,"7":0,"8":0,"9":0,"10":0,"11":0,"12":0,"13":0,"14":0,"15":0,"16":0,"17":0,"18":0,"19":0,"20":0,"21":0,"22":0,"23":0,"24":0,"25":0,"26":0,"27":0,"28":0,"29":0,"30":0,"31":0,"32":0,"33":0,"34":0,"35":0,"36":0,"37":0},"f":{"0":0,"1":0,"2":0,"3":0,"4":0},"b":{"0":[0,0],"1":[0,0],"2":[0,0],"3":[0,0],"4":[0,0],"5":[0,0],"6":[0,0],"7":[0,0]},"all":true},"/home/claydson/Documentos/Projetos/Store.20/app/backend/src/types/Login.ts":{"path":"/home/claydson/Documentos/Projetos/Store.20/app/backend/src/types/Login.ts","statementMap":{},"fnMap":{},"branchMap":{},"s":{},"f":{},"b":{},"all":true},"/home/claydson/Documentos/Projetos/Store.20/app/backend/src/types/ServiceResponse.ts":{"path":"/home/claydson/Documentos/Projetos/Store.20/app/backend/src/types/ServiceResponse.ts","statementMap":{},"fnMap":{},"branchMap":{},"s":{},"f":{},"b":{},"all":true},"/home/claydson/Documentos/Projetos/Store.20/app/backend/src/types/Token.ts":{"path":"/home/claydson/Documentos/Projetos/Store.20/app/backend/src/types/Token.ts","statementMap":{},"fnMap":{},"branchMap":{},"s":{},"f":{},"b":{},"all":true},"/home/claydson/Documentos/Projetos/Store.20/app/backend/src/utils/dataImg.utils.ts":{"path":"/home/claydson/Documentos/Projetos/Store.20/app/backend/src/utils/dataImg.utils.ts","statementMap":{"0":{"start":{"line":4,"column":29},"end":{"line":6,"column":1}},"1":{"start":{"line":5,"column":2},"end":{"line":5,"column":52}},"2":{"start":{"line":8,"column":29},"end":{"line":13,"column":1}},"3":{"start":{"line":9,"column":17},"end":{"line":9,"column":46}},"4":{"start":{"line":10,"column":20},"end":{"line":10,"column":67}},"5":{"start":{"line":11,"column":2},"end":{"line":11,"column":38}},"6":{"start":{"line":12,"column":2},"end":{"line":12,"column":19}},"7":{"start":{"line":15,"column":26},"end":{"line":17,"column":1}},"8":{"start":{"line":16,"column":2},"end":{"line":16,"column":52}}},"fnMap":{"0":{"name":"(anonymous_0)","decl":{"start":{"line":4,"column":29},"end":{"line":4,"column":30}},"loc":{"start":{"line":4,"column":59},"end":{"line":6,"column":1}},"line":4},"1":{"name":"(anonymous_1)","decl":{"start":{"line":8,"column":29},"end":{"line":8,"column":30}},"loc":{"start":{"line":8,"column":67},"end":{"line":13,"column":1}},"line":8},"2":{"name":"(anonymous_2)","decl":{"start":{"line":15,"column":26},"end":{"line":15,"column":27}},"loc":{"start":{"line":15,"column":64},"end":{"line":17,"column":1}},"line":15}},"branchMap":{},"s":{"0":0,"1":0,"2":0,"3":0,"4":0,"5":0,"6":0,"7":0,"8":0},"f":{"0":0,"1":0,"2":0},"b":{},"all":true},"/home/claydson/Documentos/Projetos/Store.20/app/backend/src/utils/token.utils.ts":{"path":"/home/claydson/Documentos/Projetos/Store.20/app/backend/src/utils/token.utils.ts","statementMap":{"0":{"start":{"line":3,"column":15},"end":{"line":3,"column":62}},"1":{"start":{"line":13,"column":2},"end":{"line":19,"column":3}},"2":{"start":{"line":14,"column":18},"end":{"line":14,"column":43}},"3":{"start":{"line":15,"column":4},"end":{"line":15,"column":17}},"4":{"start":{"line":17,"column":4},"end":{"line":17,"column":50}},"5":{"start":{"line":18,"column":4},"end":{"line":18,"column":16}},"6":{"start":{"line":24,"column":2},"end":{"line":29,"column":3}},"7":{"start":{"line":25,"column":24},"end":{"line":25,"column":65}},"8":{"start":{"line":26,"column":4},"end":{"line":26,"column":23}},"9":{"start":{"line":28,"column":4},"end":{"line":28,"column":16}}},"fnMap":{"0":{"name":"sign","decl":{"start":{"line":12,"column":9},"end":{"line":12,"column":13}},"loc":{"start":{"line":12,"column":52},"end":{"line":20,"column":1}},"line":12},"1":{"name":"verifyToken","decl":{"start":{"line":23,"column":9},"end":{"line":23,"column":20}},"loc":{"start":{"line":23,"column":57},"end":{"line":30,"column":1}},"line":23}},"branchMap":{"0":{"loc":{"start":{"line":3,"column":15},"end":{"line":3,"column":62}},"type":"binary-expr","locations":[{"start":{"line":3,"column":15},"end":{"line":3,"column":37}},{"start":{"line":3,"column":41},"end":{"line":3,"column":62}}],"line":3}},"s":{"0":0,"1":0,"2":0,"3":0,"4":0,"5":0,"6":0,"7":0,"8":0,"9":0},"f":{"0":0,"1":0},"b":{"0":[0,0]},"all":true}}